[ 2017-07-06T11:43:34+08:00 ] 127.0.0.1 /admin.php
INFO: [ app_init ] --START--
INFO: Run Behavior\BuildLiteBehavior [ RunTime:0.000023s ]
SQL: SHOW COLUMNS FROM `onethink_hooks` [ RunTime:0.0052s ]
SQL: SELECT `name`,`addons` FROM `onethink_hooks`  [ RunTime:0.0003s ]
SQL: SHOW COLUMNS FROM `onethink_addons` [ RunTime:0.0051s ]
SQL: SELECT `id`,`name` FROM `onethink_addons` WHERE `status` = 1 AND `name` IN ('ReturnTop')  [ RunTime:0.0003s ]
SQL: SELECT `id`,`name` FROM `onethink_addons` WHERE `status` = 1 AND `name` IN ('Attachment')  [ RunTime:0.0003s ]
SQL: SELECT `id`,`name` FROM `onethink_addons` WHERE `status` = 1 AND `name` IN ('Attachment','SocialComment')  [ RunTime:0.0003s ]
SQL: SELECT `id`,`name` FROM `onethink_addons` WHERE `status` = 1 AND `name` IN ('Attachment')  [ RunTime:0.0003s ]
SQL: SELECT `id`,`name` FROM `onethink_addons` WHERE `status` = 1 AND `name` IN ('Editor')  [ RunTime:0.0003s ]
SQL: SELECT `id`,`name` FROM `onethink_addons` WHERE `status` = 1 AND `name` IN ('EditorForAdmin')  [ RunTime:0.0003s ]
SQL: SELECT `id`,`name` FROM `onethink_addons` WHERE `status` = 1 AND `name` IN ('SiteStat','SystemInfo','DevTeam')  [ RunTime:0.0003s ]
SQL: SELECT `id`,`name` FROM `onethink_addons` WHERE `status` = 1 AND `name` IN ('Editor')  [ RunTime:0.0003s ]
INFO: Run Common\Behavior\InitHookBehavior [ RunTime:0.035783s ]
INFO: [ app_init ] --END-- [ RunTime:0.036403s ]
INFO: [ app_begin ] --START--
INFO: Run Behavior\ReadHtmlCacheBehavior [ RunTime:0.000457s ]
INFO: [ app_begin ] --END-- [ RunTime:0.000560s ]

[ 2017-07-06T11:43:34+08:00 ] 127.0.0.1 /admin.php?s=/Public/login.html
INFO: [ app_init ] --START--
INFO: Run Behavior\BuildLiteBehavior [ RunTime:0.000020s ]
INFO: Run Common\Behavior\InitHookBehavior [ RunTime:0.002293s ]
INFO: [ app_init ] --END-- [ RunTime:0.002762s ]
INFO: [ app_begin ] --START--
INFO: Run Behavior\ReadHtmlCacheBehavior [ RunTime:0.000421s ]
INFO: [ app_begin ] --END-- [ RunTime:0.000589s ]
SQL: SHOW COLUMNS FROM `onethink_config` [ RunTime:0.0056s ]
SQL: SELECT `type`,`name`,`value` FROM `onethink_config` WHERE `status` = 1  [ RunTime:0.0005s ]
INFO: [ view_parse ] --START--
INFO: [ template_filter ] --START--
INFO: Run Behavior\ContentReplaceBehavior [ RunTime:0.000096s ]
INFO: [ template_filter ] --END-- [ RunTime:0.000204s ]
INFO: Run Behavior\ParseTemplateBehavior [ RunTime:0.008059s ]
INFO: [ view_parse ] --END-- [ RunTime:0.008224s ]
INFO: [ view_filter ] --START--
INFO: Run Behavior\WriteHtmlCacheBehavior [ RunTime:0.000506s ]
INFO: [ view_filter ] --END-- [ RunTime:0.000699s ]
INFO: [ app_end ] --START--
INFO: Run Behavior\ShowPageTraceBehavior [ RunTime:0.000496s ]
INFO: [ app_end ] --END-- [ RunTime:0.000615s ]

[ 2017-07-06T11:43:34+08:00 ] 127.0.0.1 /admin.php?s=/Public/verify.html
INFO: [ app_init ] --START--
INFO: Run Behavior\BuildLiteBehavior [ RunTime:0.000023s ]
INFO: Run Common\Behavior\InitHookBehavior [ RunTime:0.002770s ]
INFO: [ app_init ] --END-- [ RunTime:0.003318s ]
INFO: [ app_begin ] --START--
INFO: Run Behavior\ReadHtmlCacheBehavior [ RunTime:0.000668s ]
INFO: [ app_begin ] --END-- [ RunTime:0.000806s ]
INFO: [ app_end ] --START--
INFO: Run Behavior\ShowPageTraceBehavior [ RunTime:0.000548s ]
INFO: [ app_end ] --END-- [ RunTime:0.000692s ]

[ 2017-07-06T11:43:45+08:00 ] 127.0.0.1 /admin.php?s=/Public/verify.html&random=0.33260331987619773
INFO: [ app_init ] --START--
INFO: Run Behavior\BuildLiteBehavior [ RunTime:0.000038s ]
INFO: Run Common\Behavior\InitHookBehavior [ RunTime:0.003068s ]
INFO: [ app_init ] --END-- [ RunTime:0.004085s ]
INFO: [ app_begin ] --START--
INFO: Run Behavior\ReadHtmlCacheBehavior [ RunTime:0.000495s ]
INFO: [ app_begin ] --END-- [ RunTime:0.000595s ]
INFO: [ app_end ] --START--
INFO: Run Behavior\ShowPageTraceBehavior [ RunTime:0.000503s ]
INFO: [ app_end ] --END-- [ RunTime:0.000621s ]

[ 2017-07-06T11:43:45+08:00 ] 127.0.0.1 /admin.php?s=/Public/verify.html&random=0.6649217106893925
INFO: [ app_init ] --START--
INFO: Run Behavior\BuildLiteBehavior [ RunTime:0.000020s ]
INFO: Run Common\Behavior\InitHookBehavior [ RunTime:0.002135s ]
INFO: [ app_init ] --END-- [ RunTime:0.002589s ]
INFO: [ app_begin ] --START--
INFO: Run Behavior\ReadHtmlCacheBehavior [ RunTime:0.000397s ]
INFO: [ app_begin ] --END-- [ RunTime:0.000496s ]
INFO: [ app_end ] --START--
INFO: Run Behavior\ShowPageTraceBehavior [ RunTime:0.000604s ]
INFO: [ app_end ] --END-- [ RunTime:0.000718s ]

[ 2017-07-06T11:43:47+08:00 ] 127.0.0.1 /admin.php?s=/Public/verify.html&random=0.05075200843098027
INFO: [ app_init ] --START--
INFO: Run Behavior\BuildLiteBehavior [ RunTime:0.000020s ]
INFO: Run Common\Behavior\InitHookBehavior [ RunTime:0.002173s ]
INFO: [ app_init ] --END-- [ RunTime:0.002619s ]
INFO: [ app_begin ] --START--
INFO: Run Behavior\ReadHtmlCacheBehavior [ RunTime:0.000391s ]
INFO: [ app_begin ] --END-- [ RunTime:0.000492s ]
INFO: [ app_end ] --START--
INFO: Run Behavior\ShowPageTraceBehavior [ RunTime:0.000464s ]
INFO: [ app_end ] --END-- [ RunTime:0.000564s ]

[ 2017-07-06T11:43:54+08:00 ] 127.0.0.1 /admin.php?s=/Public/login.html
INFO: [ app_init ] --START--
INFO: Run Behavior\BuildLiteBehavior [ RunTime:0.000020s ]
INFO: Run Common\Behavior\InitHookBehavior [ RunTime:0.002252s ]
INFO: [ app_init ] --END-- [ RunTime:0.002770s ]
INFO: [ app_begin ] --START--
INFO: Run Behavior\ReadHtmlCacheBehavior [ RunTime:0.000878s ]
INFO: [ app_begin ] --END-- [ RunTime:0.000999s ]

[ 2017-07-06T11:43:54+08:00 ] 127.0.0.1 /admin.php?s=/Public/verify.html&random=0.9386973695398859
INFO: [ app_init ] --START--
INFO: Run Behavior\BuildLiteBehavior [ RunTime:0.000046s ]
INFO: Run Common\Behavior\InitHookBehavior [ RunTime:0.003074s ]
INFO: [ app_init ] --END-- [ RunTime:0.003633s ]
INFO: [ app_begin ] --START--
INFO: Run Behavior\ReadHtmlCacheBehavior [ RunTime:0.000669s ]
INFO: [ app_begin ] --END-- [ RunTime:0.000832s ]
INFO: [ app_end ] --START--
INFO: Run Behavior\ShowPageTraceBehavior [ RunTime:0.000539s ]
INFO: [ app_end ] --END-- [ RunTime:0.000659s ]

[ 2017-07-06T11:44:08+08:00 ] 127.0.0.1 /admin.php?s=/Public/verify.html&random=0.9616731722684304
INFO: [ app_init ] --START--
INFO: Run Behavior\BuildLiteBehavior [ RunTime:0.000020s ]
INFO: Run Common\Behavior\InitHookBehavior [ RunTime:0.002892s ]
INFO: [ app_init ] --END-- [ RunTime:0.003357s ]
INFO: [ app_begin ] --START--
INFO: Run Behavior\ReadHtmlCacheBehavior [ RunTime:0.000614s ]
INFO: [ app_begin ] --END-- [ RunTime:0.000720s ]
INFO: [ app_end ] --START--
INFO: Run Behavior\ShowPageTraceBehavior [ RunTime:0.000621s ]
INFO: [ app_end ] --END-- [ RunTime:0.000722s ]

[ 2017-07-06T11:44:13+08:00 ] 127.0.0.1 /admin.php?s=/Public/login.html
INFO: [ app_init ] --START--
INFO: Run Behavior\BuildLiteBehavior [ RunTime:0.000020s ]
INFO: Run Common\Behavior\InitHookBehavior [ RunTime:0.002385s ]
INFO: [ app_init ] --END-- [ RunTime:0.002834s ]
INFO: [ app_begin ] --START--
INFO: Run Behavior\ReadHtmlCacheBehavior [ RunTime:0.000401s ]
INFO: [ app_begin ] --END-- [ RunTime:0.000488s ]

[ 2017-07-06T11:44:13+08:00 ] 127.0.0.1 /admin.php?s=/Public/verify.html&random=0.9277991951094249
INFO: [ app_init ] --START--
INFO: Run Behavior\BuildLiteBehavior [ RunTime:0.000021s ]
INFO: Run Common\Behavior\InitHookBehavior [ RunTime:0.002998s ]
INFO: [ app_init ] --END-- [ RunTime:0.003590s ]
INFO: [ app_begin ] --START--
INFO: Run Behavior\ReadHtmlCacheBehavior [ RunTime:0.000425s ]
INFO: [ app_begin ] --END-- [ RunTime:0.000530s ]
INFO: [ app_end ] --START--
INFO: Run Behavior\ShowPageTraceBehavior [ RunTime:0.000551s ]
INFO: [ app_end ] --END-- [ RunTime:0.000664s ]

[ 2017-07-06T11:44:21+08:00 ] 127.0.0.1 /admin.php?s=/Public/login.html
INFO: [ app_init ] --START--
INFO: Run Behavior\BuildLiteBehavior [ RunTime:0.000021s ]
INFO: Run Common\Behavior\InitHookBehavior [ RunTime:0.002166s ]
INFO: [ app_init ] --END-- [ RunTime:0.002744s ]
INFO: [ app_begin ] --START--
INFO: Run Behavior\ReadHtmlCacheBehavior [ RunTime:0.000423s ]
INFO: [ app_begin ] --END-- [ RunTime:0.000515s ]

[ 2017-07-06T11:44:21+08:00 ] 127.0.0.1 /admin.php?s=/Public/verify.html&random=0.34622709695362697
INFO: [ app_init ] --START--
INFO: Run Behavior\BuildLiteBehavior [ RunTime:0.000020s ]
INFO: Run Common\Behavior\InitHookBehavior [ RunTime:0.002204s ]
INFO: [ app_init ] --END-- [ RunTime:0.002659s ]
INFO: [ app_begin ] --START--
INFO: Run Behavior\ReadHtmlCacheBehavior [ RunTime:0.000393s ]
INFO: [ app_begin ] --END-- [ RunTime:0.000492s ]
INFO: [ app_end ] --START--
INFO: Run Behavior\ShowPageTraceBehavior [ RunTime:0.000690s ]
INFO: [ app_end ] --END-- [ RunTime:0.000795s ]

[ 2017-07-06T11:44:29+08:00 ] 127.0.0.1 /admin.php?s=/Public/login.html
INFO: [ app_init ] --START--
INFO: Run Behavior\BuildLiteBehavior [ RunTime:0.000087s ]
INFO: Run Common\Behavior\InitHookBehavior [ RunTime:0.003516s ]
INFO: [ app_init ] --END-- [ RunTime:0.004126s ]
INFO: [ app_begin ] --START--
INFO: Run Behavior\ReadHtmlCacheBehavior [ RunTime:0.000395s ]
INFO: [ app_begin ] --END-- [ RunTime:0.000543s ]

[ 2017-07-06T11:44:29+08:00 ] 127.0.0.1 /admin.php?s=/Public/verify.html&random=0.5795973885550016
INFO: [ app_init ] --START--
INFO: Run Behavior\BuildLiteBehavior [ RunTime:0.000021s ]
INFO: Run Common\Behavior\InitHookBehavior [ RunTime:0.002235s ]
INFO: [ app_init ] --END-- [ RunTime:0.002708s ]
INFO: [ app_begin ] --START--
INFO: Run Behavior\ReadHtmlCacheBehavior [ RunTime:0.000631s ]
INFO: [ app_begin ] --END-- [ RunTime:0.000799s ]
INFO: [ app_end ] --START--
INFO: Run Behavior\ShowPageTraceBehavior [ RunTime:0.000460s ]
INFO: [ app_end ] --END-- [ RunTime:0.000565s ]

[ 2017-07-06T11:44:30+08:00 ] 127.0.0.1 /admin.php?s=/Public/login.html
INFO: [ app_init ] --START--
INFO: Run Behavior\BuildLiteBehavior [ RunTime:0.000023s ]
INFO: Run Common\Behavior\InitHookBehavior [ RunTime:0.003346s ]
INFO: [ app_init ] --END-- [ RunTime:0.004035s ]
INFO: [ app_begin ] --START--
INFO: Run Behavior\ReadHtmlCacheBehavior [ RunTime:0.000530s ]
INFO: [ app_begin ] --END-- [ RunTime:0.000640s ]

[ 2017-07-06T11:44:30+08:00 ] 127.0.0.1 /admin.php?s=/Public/verify.html&random=0.19412097529892436
INFO: [ app_init ] --START--
INFO: Run Behavior\BuildLiteBehavior [ RunTime:0.000021s ]
INFO: Run Common\Behavior\InitHookBehavior [ RunTime:0.002276s ]
INFO: [ app_init ] --END-- [ RunTime:0.002740s ]
INFO: [ app_begin ] --START--
INFO: Run Behavior\ReadHtmlCacheBehavior [ RunTime:0.000925s ]
INFO: [ app_begin ] --END-- [ RunTime:0.001103s ]
INFO: [ app_end ] --START--
INFO: Run Behavior\ShowPageTraceBehavior [ RunTime:0.000451s ]
INFO: [ app_end ] --END-- [ RunTime:0.000559s ]

[ 2017-07-06T11:45:08+08:00 ] 127.0.0.1 /admin.php?s=/Public/verify.html&random=0.13000470142124598
INFO: [ app_init ] --START--
INFO: Run Behavior\BuildLiteBehavior [ RunTime:0.000020s ]
INFO: Run Common\Behavior\InitHookBehavior [ RunTime:0.002201s ]
INFO: [ app_init ] --END-- [ RunTime:0.002838s ]
INFO: [ app_begin ] --START--
INFO: Run Behavior\ReadHtmlCacheBehavior [ RunTime:0.000395s ]
INFO: [ app_begin ] --END-- [ RunTime:0.000494s ]
INFO: [ app_end ] --START--
INFO: Run Behavior\ShowPageTraceBehavior [ RunTime:0.000497s ]
INFO: [ app_end ] --END-- [ RunTime:0.000640s ]

[ 2017-07-06T11:45:13+08:00 ] 127.0.0.1 /admin.php?s=/Public/verify.html&random=0.4477627910548416
INFO: [ app_init ] --START--
INFO: Run Behavior\BuildLiteBehavior [ RunTime:0.000020s ]
INFO: Run Common\Behavior\InitHookBehavior [ RunTime:0.002071s ]
INFO: [ app_init ] --END-- [ RunTime:0.002558s ]
INFO: [ app_begin ] --START--
INFO: Run Behavior\ReadHtmlCacheBehavior [ RunTime:0.000710s ]
INFO: [ app_begin ] --END-- [ RunTime:0.000925s ]
INFO: [ app_end ] --START--
INFO: Run Behavior\ShowPageTraceBehavior [ RunTime:0.000473s ]
INFO: [ app_end ] --END-- [ RunTime:0.000572s ]

[ 2017-07-06T11:45:19+08:00 ] 127.0.0.1 /admin.php?s=/Public/login.html
INFO: [ app_init ] --START--
INFO: Run Behavior\BuildLiteBehavior [ RunTime:0.000020s ]
INFO: Run Common\Behavior\InitHookBehavior [ RunTime:0.003090s ]
INFO: [ app_init ] --END-- [ RunTime:0.003756s ]
INFO: [ app_begin ] --START--
INFO: Run Behavior\ReadHtmlCacheBehavior [ RunTime:0.000396s ]
INFO: [ app_begin ] --END-- [ RunTime:0.000483s ]

[ 2017-07-06T11:45:19+08:00 ] 127.0.0.1 /admin.php?s=/Public/verify.html&random=0.4923069677820049
INFO: [ app_init ] --START--
INFO: Run Behavior\BuildLiteBehavior [ RunTime:0.000020s ]
INFO: Run Common\Behavior\InitHookBehavior [ RunTime:0.002531s ]
INFO: [ app_init ] --END-- [ RunTime:0.003097s ]
INFO: [ app_begin ] --START--
INFO: Run Behavior\ReadHtmlCacheBehavior [ RunTime:0.000771s ]
INFO: [ app_begin ] --END-- [ RunTime:0.000966s ]
INFO: [ app_end ] --START--
INFO: Run Behavior\ShowPageTraceBehavior [ RunTime:0.000591s ]
INFO: [ app_end ] --END-- [ RunTime:0.000718s ]

[ 2017-07-06T11:45:47+08:00 ] 127.0.0.1 /admin.php?s=/Public/login.html
INFO: [ app_init ] --START--
INFO: Run Behavior\BuildLiteBehavior [ RunTime:0.000021s ]
INFO: Run Common\Behavior\InitHookBehavior [ RunTime:0.002194s ]
INFO: [ app_init ] --END-- [ RunTime:0.002668s ]
INFO: [ app_begin ] --START--
INFO: Run Behavior\ReadHtmlCacheBehavior [ RunTime:0.000464s ]
INFO: [ app_begin ] --END-- [ RunTime:0.000556s ]

[ 2017-07-06T11:45:47+08:00 ] 127.0.0.1 /admin.php?s=/Public/verify.html&random=0.24559038589739202
INFO: [ app_init ] --START--
INFO: Run Behavior\BuildLiteBehavior [ RunTime:0.000021s ]
INFO: Run Common\Behavior\InitHookBehavior [ RunTime:0.002123s ]
INFO: [ app_init ] --END-- [ RunTime:0.002628s ]
INFO: [ app_begin ] --START--
INFO: Run Behavior\ReadHtmlCacheBehavior [ RunTime:0.000440s ]
INFO: [ app_begin ] --END-- [ RunTime:0.000550s ]
INFO: [ app_end ] --START--
INFO: Run Behavior\ShowPageTraceBehavior [ RunTime:0.000476s ]
INFO: [ app_end ] --END-- [ RunTime:0.000640s ]

[ 2017-07-06T11:45:49+08:00 ] 127.0.0.1 /admin.php?s=/Public/verify.html&random=0.3307703278035834
INFO: [ app_init ] --START--
INFO: Run Behavior\BuildLiteBehavior [ RunTime:0.000021s ]
INFO: Run Common\Behavior\InitHookBehavior [ RunTime:0.001971s ]
INFO: [ app_init ] --END-- [ RunTime:0.002526s ]
INFO: [ app_begin ] --START--
INFO: Run Behavior\ReadHtmlCacheBehavior [ RunTime:0.000440s ]
INFO: [ app_begin ] --END-- [ RunTime:0.000540s ]
INFO: [ app_end ] --START--
INFO: Run Behavior\ShowPageTraceBehavior [ RunTime:0.000522s ]
INFO: [ app_end ] --END-- [ RunTime:0.000632s ]

[ 2017-07-06T11:45:56+08:00 ] 127.0.0.1 /admin.php?s=/Public/login.html
INFO: [ app_init ] --START--
INFO: Run Behavior\BuildLiteBehavior [ RunTime:0.000020s ]
INFO: Run Common\Behavior\InitHookBehavior [ RunTime:0.002172s ]
INFO: [ app_init ] --END-- [ RunTime:0.002656s ]
INFO: [ app_begin ] --START--
INFO: Run Behavior\ReadHtmlCacheBehavior [ RunTime:0.000437s ]
INFO: [ app_begin ] --END-- [ RunTime:0.000605s ]

[ 2017-07-06T11:45:56+08:00 ] 127.0.0.1 /admin.php?s=/Public/verify.html&random=0.03359272158465587
INFO: [ app_init ] --START--
INFO: Run Behavior\BuildLiteBehavior [ RunTime:0.000020s ]
INFO: Run Common\Behavior\InitHookBehavior [ RunTime:0.001945s ]
INFO: [ app_init ] --END-- [ RunTime:0.002414s ]
INFO: [ app_begin ] --START--
INFO: Run Behavior\ReadHtmlCacheBehavior [ RunTime:0.000405s ]
INFO: [ app_begin ] --END-- [ RunTime:0.000507s ]
INFO: [ app_end ] --START--
INFO: Run Behavior\ShowPageTraceBehavior [ RunTime:0.000461s ]
INFO: [ app_end ] --END-- [ RunTime:0.000564s ]

[ 2017-07-06T11:45:57+08:00 ] 127.0.0.1 /admin.php?s=/Public/login.html
INFO: [ app_init ] --START--
INFO: Run Behavior\BuildLiteBehavior [ RunTime:0.000022s ]
INFO: Run Common\Behavior\InitHookBehavior [ RunTime:0.002058s ]
INFO: [ app_init ] --END-- [ RunTime:0.002532s ]
INFO: [ app_begin ] --START--
INFO: Run Behavior\ReadHtmlCacheBehavior [ RunTime:0.000395s ]
INFO: [ app_begin ] --END-- [ RunTime:0.000482s ]

[ 2017-07-06T11:45:57+08:00 ] 127.0.0.1 /admin.php?s=/Public/verify.html&random=0.7191790419200685
INFO: [ app_init ] --START--
INFO: Run Behavior\BuildLiteBehavior [ RunTime:0.000022s ]
INFO: Run Common\Behavior\InitHookBehavior [ RunTime:0.002058s ]
INFO: [ app_init ] --END-- [ RunTime:0.002537s ]
INFO: [ app_begin ] --START--
INFO: Run Behavior\ReadHtmlCacheBehavior [ RunTime:0.000411s ]
INFO: [ app_begin ] --END-- [ RunTime:0.000514s ]
INFO: [ app_end ] --START--
INFO: Run Behavior\ShowPageTraceBehavior [ RunTime:0.000418s ]
INFO: [ app_end ] --END-- [ RunTime:0.000563s ]

[ 2017-07-06T11:46:04+08:00 ] 127.0.0.1 /admin.php?s=/Public/login.html
INFO: [ app_init ] --START--
INFO: Run Behavior\BuildLiteBehavior [ RunTime:0.000020s ]
INFO: Run Common\Behavior\InitHookBehavior [ RunTime:0.002035s ]
INFO: [ app_init ] --END-- [ RunTime:0.002478s ]
INFO: [ app_begin ] --START--
INFO: Run Behavior\ReadHtmlCacheBehavior [ RunTime:0.000460s ]
INFO: [ app_begin ] --END-- [ RunTime:0.000566s ]
SQL: SHOW COLUMNS FROM `onethink_member` [ RunTime:0.0058s ]
SQL: SELECT `uid`,`nickname`,`sex`,`birthday`,`qq`,`score`,`login`,`reg_ip`,`reg_time`,`last_login_ip`,`last_login_time`,`status` FROM `onethink_member` WHERE `uid` = 1 LIMIT 1   [ RunTime:0.0004s ]
SQL: SHOW COLUMNS FROM `onethink_action` [ RunTime:0.0049s ]
SQL: SELECT * FROM `onethink_action` WHERE `name` = 'user_login' LIMIT 1   [ RunTime:0.0004s ]
SQL: SHOW COLUMNS FROM `onethink_member` [ RunTime:0.0052s ]
SQL: SELECT `nickname` FROM `onethink_member` WHERE `uid` = 1 LIMIT 1   [ RunTime:0.0003s ]
SQL: SHOW COLUMNS FROM `onethink_action_log` [ RunTime:0.0142s ]
SQL: INSERT INTO `onethink_action_log` (`action_id`,`user_id`,`action_ip`,`model`,`record_id`,`create_time`,`remark`) VALUES ('1','1','2130706433','member','1','1499312764','Administrator在2017-07-06 11:46登录了后台') [ RunTime:0.0007s ]
SQL: SELECT * FROM `onethink_action` WHERE `name` = 'user_login' LIMIT 1   [ RunTime:0.0003s ]
NOTIC: [8] Undefined offset: 1 D:\wwwroot\Application\Common\Common\function.php 第 679 行.
NOTIC: [2] array_key_exists() expects parameter 2 to be array, null given D:\wwwroot\Application\Common\Common\function.php 第 679 行.
SQL: SELECT COUNT(*) AS tp_count FROM `onethink_action_log` WHERE `action_id` = 1 AND `user_id` = 1 AND `create_time` > 1499226364 LIMIT 1   [ RunTime:0.0003s ]
SQL: UPDATE `onethink_member` SET `score`=score+10 WHERE ( uid=1 AND status>-1 ) [ RunTime:0.0003s ]
SQL: UPDATE `onethink_member` SET `login`=`login`+1,`last_login_time`='1499312764',`last_login_ip`='2130706433' WHERE `uid` = 1 [ RunTime:0.0003s ]

[ 2017-07-06T11:46:04+08:00 ] 127.0.0.1 /admin.php?s=/Index/index.html
INFO: [ app_init ] --START--
INFO: Run Behavior\BuildLiteBehavior [ RunTime:0.000021s ]
INFO: Run Common\Behavior\InitHookBehavior [ RunTime:0.002066s ]
INFO: [ app_init ] --END-- [ RunTime:0.002536s ]
INFO: [ app_begin ] --START--
INFO: Run Behavior\ReadHtmlCacheBehavior [ RunTime:0.000692s ]
INFO: [ app_begin ] --END-- [ RunTime:0.000853s ]
SQL: SHOW COLUMNS FROM `onethink_menu` [ RunTime:0.0045s ]
SQL: SELECT `id`,`title`,`url` FROM `onethink_menu` WHERE `pid` = 0 AND `hide` = 0 ORDER BY `sort` asc  [ RunTime:0.0003s ]
SQL: SELECT `pid` FROM `onethink_menu` WHERE ( pid !=0 AND url like '%Index/index%' ) LIMIT 1   [ RunTime:0.0007s ]
INFO: [ view_parse ] --START--
INFO: [ template_filter ] --START--
INFO: Run Behavior\ContentReplaceBehavior [ RunTime:0.000166s ]
INFO: [ template_filter ] --END-- [ RunTime:0.000308s ]
INFO: [ AdminIndex ] --START--
SQL: SHOW COLUMNS FROM `onethink_addons` [ RunTime:0.0049s ]
SQL: SELECT `config` FROM `onethink_addons` WHERE `name` = 'SiteStat' AND `status` = 1 LIMIT 1   [ RunTime:0.0003s ]
SQL: SHOW COLUMNS FROM `onethink_member` [ RunTime:0.0044s ]
SQL: SELECT COUNT(*) AS tp_count FROM `onethink_member` LIMIT 1   [ RunTime:0.0002s ]
SQL: SHOW COLUMNS FROM `onethink_action_log` [ RunTime:0.0048s ]
SQL: SELECT COUNT(*) AS tp_count FROM `onethink_action_log` LIMIT 1   [ RunTime:0.0002s ]
SQL: SHOW COLUMNS FROM `onethink_document` [ RunTime:0.0050s ]
SQL: SELECT COUNT(*) AS tp_count FROM `onethink_document` LIMIT 1   [ RunTime:0.0002s ]
SQL: SHOW COLUMNS FROM `onethink_category` [ RunTime:0.1282s ]
SQL: SELECT COUNT(*) AS tp_count FROM `onethink_category` LIMIT 1   [ RunTime:0.0002s ]
SQL: SHOW COLUMNS FROM `onethink_model` [ RunTime:0.0048s ]
SQL: SELECT COUNT(*) AS tp_count FROM `onethink_model` LIMIT 1   [ RunTime:0.0002s ]
INFO: [ view_parse ] --START--
INFO: [ template_filter ] --START--
INFO: Run Behavior\ContentReplaceBehavior [ RunTime:0.000063s ]
INFO: [ template_filter ] --END-- [ RunTime:-0.166360s ]
INFO: Run Behavior\ParseTemplateBehavior [ RunTime:0.003232s ]
INFO: [ view_parse ] --END-- [ RunTime:0.003363s ]
INFO: [ view_filter ] --START--
INFO: Run Behavior\WriteHtmlCacheBehavior [ RunTime:0.000408s ]
INFO: [ view_filter ] --END-- [ RunTime:0.000504s ]
INFO: Run Addons\SiteStat\SiteStatAddon [ RunTime:0.164073s ]
SQL: SELECT `config` FROM `onethink_addons` WHERE `name` = 'SystemInfo' AND `status` = 1 LIMIT 1   [ RunTime:0.0003s ]
INFO: [ view_parse ] --START--
INFO: [ template_filter ] --START--
INFO: Run Behavior\ContentReplaceBehavior [ RunTime:0.000070s ]
INFO: [ template_filter ] --END-- [ RunTime:-0.326356s ]
SQL: select version() as v; [ RunTime:0.0003s ]
INFO: Run Behavior\ParseTemplateBehavior [ RunTime:0.004404s ]
INFO: [ view_parse ] --END-- [ RunTime:-0.156408s ]
INFO: [ view_filter ] --START--
INFO: Run Behavior\WriteHtmlCacheBehavior [ RunTime:0.000025s ]
INFO: [ view_filter ] --END-- [ RunTime:-0.160440s ]
INFO: Run Addons\SystemInfo\SystemInfoAddon [ RunTime:0.160494s ]
SQL: SELECT `config` FROM `onethink_addons` WHERE `name` = 'DevTeam' AND `status` = 1 LIMIT 1   [ RunTime:0.0004s ]
INFO: [ view_parse ] --START--
INFO: [ template_filter ] --START--
INFO: Run Behavior\ContentReplaceBehavior [ RunTime:0.000079s ]
INFO: [ template_filter ] --END-- [ RunTime:-0.332602s ]
INFO: Run Behavior\ParseTemplateBehavior [ RunTime:0.003490s ]
INFO: [ view_parse ] --END-- [ RunTime:-0.163246s ]
INFO: [ view_filter ] --START--
INFO: Run Behavior\WriteHtmlCacheBehavior [ RunTime:0.000040s ]
INFO: [ view_filter ] --END-- [ RunTime:-0.166384s ]
INFO: Run Addons\DevTeam\DevTeamAddon [ RunTime:0.005934s ]
INFO: [ AdminIndex ] --END-- [ RunTime:0.330680s ]
INFO: Run Behavior\ParseTemplateBehavior [ RunTime:0.003993s ]
INFO: [ view_parse ] --END-- [ RunTime:-0.163246s ]
INFO: [ view_filter ] --START--
INFO: Run Behavior\WriteHtmlCacheBehavior [ RunTime:0.000022s ]
INFO: [ view_filter ] --END-- [ RunTime:-0.166812s ]
INFO: [ app_end ] --START--
INFO: Run Behavior\ShowPageTraceBehavior [ RunTime:0.000761s ]
INFO: [ app_end ] --END-- [ RunTime:0.000908s ]

[ 2017-07-06T11:46:23+08:00 ] 127.0.0.1 /admin.php?s=/Index/index.html
INFO: [ app_init ] --START--
INFO: Run Behavior\BuildLiteBehavior [ RunTime:0.000045s ]
INFO: Run Common\Behavior\InitHookBehavior [ RunTime:0.003026s ]
INFO: [ app_init ] --END-- [ RunTime:0.003553s ]
INFO: [ app_begin ] --START--
INFO: Run Behavior\ReadHtmlCacheBehavior [ RunTime:0.000626s ]
INFO: [ app_begin ] --END-- [ RunTime:0.000729s ]
INFO: [ view_parse ] --START--
INFO: [ template_filter ] --START--
INFO: Run Behavior\ContentReplaceBehavior [ RunTime:0.000127s ]
INFO: [ template_filter ] --END-- [ RunTime:0.000246s ]
INFO: [ AdminIndex ] --START--
SQL: SHOW COLUMNS FROM `onethink_addons` [ RunTime:0.0052s ]
SQL: SELECT `config` FROM `onethink_addons` WHERE `name` = 'SiteStat' AND `status` = 1 LIMIT 1   [ RunTime:0.0003s ]
SQL: SHOW COLUMNS FROM `onethink_member` [ RunTime:0.0051s ]
SQL: SELECT COUNT(*) AS tp_count FROM `onethink_member` LIMIT 1   [ RunTime:0.0002s ]
SQL: SHOW COLUMNS FROM `onethink_action_log` [ RunTime:0.0051s ]
SQL: SELECT COUNT(*) AS tp_count FROM `onethink_action_log` LIMIT 1   [ RunTime:0.0003s ]
SQL: SHOW COLUMNS FROM `onethink_document` [ RunTime:0.0054s ]
SQL: SELECT COUNT(*) AS tp_count FROM `onethink_document` LIMIT 1   [ RunTime:0.0003s ]
SQL: SHOW COLUMNS FROM `onethink_category` [ RunTime:0.0059s ]
SQL: SELECT COUNT(*) AS tp_count FROM `onethink_category` LIMIT 1   [ RunTime:0.0003s ]
SQL: SHOW COLUMNS FROM `onethink_model` [ RunTime:0.0051s ]
SQL: SELECT COUNT(*) AS tp_count FROM `onethink_model` LIMIT 1   [ RunTime:0.0002s ]
INFO: [ view_parse ] --START--
INFO: [ template_filter ] --START--
INFO: Run Behavior\ContentReplaceBehavior [ RunTime:0.000064s ]
INFO: [ template_filter ] --END-- [ RunTime:-0.052204s ]
INFO: Run Behavior\ParseTemplateBehavior [ RunTime:0.003152s ]
INFO: [ view_parse ] --END-- [ RunTime:0.003313s ]
INFO: [ view_filter ] --START--
INFO: Run Behavior\WriteHtmlCacheBehavior [ RunTime:0.000461s ]
INFO: [ view_filter ] --END-- [ RunTime:0.000555s ]
INFO: Run Addons\SiteStat\SiteStatAddon [ RunTime:0.050667s ]
SQL: SELECT `config` FROM `onethink_addons` WHERE `name` = 'SystemInfo' AND `status` = 1 LIMIT 1   [ RunTime:0.0004s ]
INFO: [ view_parse ] --START--
INFO: [ template_filter ] --START--
INFO: Run Behavior\ContentReplaceBehavior [ RunTime:0.000118s ]
INFO: [ template_filter ] --END-- [ RunTime:-0.144630s ]
SQL: select version() as v; [ RunTime:0.0002s ]
INFO: Run Behavior\ParseTemplateBehavior [ RunTime:0.004612s ]
INFO: [ view_parse ] --END-- [ RunTime:-0.088913s ]
INFO: [ view_filter ] --START--
INFO: Run Behavior\WriteHtmlCacheBehavior [ RunTime:0.000059s ]
INFO: [ view_filter ] --END-- [ RunTime:-0.093176s ]
INFO: Run Addons\SystemInfo\SystemInfoAddon [ RunTime:0.093275s ]
SQL: SELECT `config` FROM `onethink_addons` WHERE `name` = 'DevTeam' AND `status` = 1 LIMIT 1   [ RunTime:0.0004s ]
INFO: [ view_parse ] --START--
INFO: [ template_filter ] --START--
INFO: Run Behavior\ContentReplaceBehavior [ RunTime:0.000100s ]
INFO: [ template_filter ] --END-- [ RunTime:-0.152070s ]
INFO: Run Behavior\ParseTemplateBehavior [ RunTime:0.002838s ]
INFO: [ view_parse ] --END-- [ RunTime:-0.096842s ]
INFO: [ view_filter ] --START--
INFO: Run Behavior\WriteHtmlCacheBehavior [ RunTime:0.000027s ]
INFO: [ view_filter ] --END-- [ RunTime:-0.099221s ]
INFO: Run Addons\DevTeam\DevTeamAddon [ RunTime:0.005943s ]
INFO: [ AdminIndex ] --END-- [ RunTime:0.150087s ]
INFO: Run Behavior\ParseTemplateBehavior [ RunTime:0.003264s ]
INFO: [ view_parse ] --END-- [ RunTime:-0.096842s ]
INFO: [ view_filter ] --START--
INFO: Run Behavior\WriteHtmlCacheBehavior [ RunTime:0.000023s ]
INFO: [ view_filter ] --END-- [ RunTime:-0.099634s ]
INFO: [ app_end ] --START--
INFO: Run Behavior\ShowPageTraceBehavior [ RunTime:0.000816s ]
INFO: [ app_end ] --END-- [ RunTime:0.000974s ]

[ 2017-07-06T11:46:25+08:00 ] 127.0.0.1 /admin.php?s=/Article/index.html
INFO: [ app_init ] --START--
INFO: Run Behavior\BuildLiteBehavior [ RunTime:0.000021s ]
INFO: Run Common\Behavior\InitHookBehavior [ RunTime:0.002830s ]
INFO: [ app_init ] --END-- [ RunTime:0.003308s ]
INFO: [ app_begin ] --START--
INFO: Run Behavior\ReadHtmlCacheBehavior [ RunTime:0.000412s ]
INFO: [ app_begin ] --END-- [ RunTime:0.000518s ]
SQL: SHOW COLUMNS FROM `onethink_menu` [ RunTime:0.0056s ]
SQL: SELECT `id`,`title`,`url` FROM `onethink_menu` WHERE `pid` = 0 AND `hide` = 0 ORDER BY `sort` asc  [ RunTime:0.0005s ]
SQL: SELECT `pid` FROM `onethink_menu` WHERE ( pid !=0 AND url like '%Article/index%' ) LIMIT 1   [ RunTime:0.0003s ]
SQL: SELECT * FROM `onethink_menu` WHERE `id` = 2 LIMIT 1   [ RunTime:0.0005s ]
SQL: SELECT DISTINCT  `group` FROM `onethink_menu` WHERE `group` <> '' AND `pid` = 2  [ RunTime:0.0004s ]
SQL: SELECT `id`,`url` FROM `onethink_menu` WHERE `pid` = 2 AND `hide` = 0  [ RunTime:0.0002s ]
SQL: SELECT `id`,`pid`,`title`,`url`,`tip` FROM `onethink_menu` WHERE `group` = '内容' AND `pid` = 2 AND `hide` = 0 ORDER BY `sort` asc  [ RunTime:0.0003s ]
SQL: SHOW COLUMNS FROM `onethink_auth_group_access` [ RunTime:0.0047s ]
SQL: SELECT `extend_id` FROM onethink_auth_group_access g INNER JOIN onethink_auth_extend c on g.group_id=c.group_id  WHERE ( g.uid='1' and c.type='1' and !isnull(extend_id) )  [ RunTime:0.0003s ]
SQL: SHOW COLUMNS FROM `onethink_category` [ RunTime:0.0057s ]
SQL: SELECT `id`,`title`,`pid`,`allow_publish` FROM `onethink_category` WHERE `status` = 1 ORDER BY `pid`,`sort`  [ RunTime:0.0003s ]
SQL: SHOW COLUMNS FROM `onethink_model` [ RunTime:0.0052s ]
SQL: SELECT * FROM `onethink_model` WHERE `name` = 'document' LIMIT 1   [ RunTime:0.0005s ]
SQL: SHOW COLUMNS FROM `onethink_document` [ RunTime:0.0053s ]
SQL: SELECT COUNT(*) AS tp_count FROM onethink_document DOCUMENT WHERE `status` IN ('0','1','2') AND `pid` = 0 LIMIT 1   [ RunTime:0.0004s ]
SQL: SELECT `id`,`title`,`type`,`update_time`,`status`,`view`,`category_id`,`model_id`,`pid` FROM onethink_document DOCUMENT WHERE `status` IN ('0','1','2') AND `pid` = 0 ORDER BY `level` DESC,DOCUMENT.id DESC LIMIT 0,10   [ RunTime:0.0003s ]
SQL: SELECT `extend` FROM `onethink_model` WHERE `id` = 1 LIMIT 1   [ RunTime:0.0002s ]
SQL: SHOW COLUMNS FROM `onethink_attribute` [ RunTime:0.0053s ]
SQL: SELECT `id`,`name`,`type`,`extra` FROM `onethink_attribute` WHERE `model_id` = 1  [ RunTime:0.0005s ]
NOTIC: [8] Undefined variable: groups D:\wwwroot\Application\Admin\Controller\ArticleController.class.php 第 231 行.
INFO: [ view_parse ] --START--
INFO: [ template_filter ] --START--
INFO: Run Behavior\ContentReplaceBehavior [ RunTime:0.000338s ]
INFO: [ template_filter ] --END-- [ RunTime:0.000478s ]
INFO: Run Behavior\ParseTemplateBehavior [ RunTime:0.055056s ]
INFO: [ view_parse ] --END-- [ RunTime:0.055166s ]
INFO: [ view_filter ] --START--
INFO: Run Behavior\WriteHtmlCacheBehavior [ RunTime:0.000358s ]
INFO: [ view_filter ] --END-- [ RunTime:0.000454s ]
INFO: [ app_end ] --START--
INFO: Run Behavior\ShowPageTraceBehavior [ RunTime:0.000733s ]
INFO: [ app_end ] --END-- [ RunTime:0.000864s ]

[ 2017-07-06T11:46:26+08:00 ] 127.0.0.1 /admin.php?s=/User/index.html
INFO: [ app_init ] --START--
INFO: Run Behavior\BuildLiteBehavior [ RunTime:0.000021s ]
INFO: Run Common\Behavior\InitHookBehavior [ RunTime:0.002159s ]
INFO: [ app_init ] --END-- [ RunTime:0.002731s ]
INFO: [ app_begin ] --START--
INFO: Run Behavior\ReadHtmlCacheBehavior [ RunTime:0.000488s ]
INFO: [ app_begin ] --END-- [ RunTime:0.000629s ]
SQL: SHOW COLUMNS FROM `onethink_menu` [ RunTime:0.0054s ]
SQL: SELECT `id`,`title`,`url` FROM `onethink_menu` WHERE `pid` = 0 AND `hide` = 0 ORDER BY `sort` asc  [ RunTime:0.0005s ]
SQL: SELECT `pid` FROM `onethink_menu` WHERE ( pid !=0 AND url like '%User/index%' ) LIMIT 1   [ RunTime:0.0003s ]
SQL: SELECT * FROM `onethink_menu` WHERE `id` = 16 LIMIT 1   [ RunTime:0.0003s ]
SQL: SELECT DISTINCT  `group` FROM `onethink_menu` WHERE `group` <> '' AND `pid` = 16  [ RunTime:0.0004s ]
SQL: SELECT `id`,`url` FROM `onethink_menu` WHERE `pid` = 16 AND `hide` = 0  [ RunTime:0.0003s ]
SQL: SELECT `id`,`pid`,`title`,`url`,`tip` FROM `onethink_menu` WHERE `group` = '用户管理' AND `pid` = 16 AND `hide` = 0 ORDER BY `sort` asc  [ RunTime:0.0003s ]
SQL: SELECT `id`,`pid`,`title`,`url`,`tip` FROM `onethink_menu` WHERE `group` = '行为管理' AND `pid` = 16 AND `hide` = 0 ORDER BY `sort` asc  [ RunTime:0.0003s ]
SQL: SHOW COLUMNS FROM `onethink_member` [ RunTime:0.1543s ]
SQL: SELECT COUNT(*) AS tp_count FROM `onethink_member` WHERE `status` >= 0 AND `nickname` LIKE '%%' LIMIT 1   [ RunTime:0.0003s ]
SQL: SELECT `uid`,`nickname`,`sex`,`birthday`,`qq`,`score`,`login`,`reg_ip`,`reg_time`,`last_login_ip`,`last_login_time`,`status` FROM `onethink_member` WHERE `status` >= 0 AND `nickname` LIKE '%%' ORDER BY `uid` desc LIMIT 0,10   [ RunTime:0.0003s ]
INFO: [ view_parse ] --START--
INFO: [ template_filter ] --START--
INFO: Run Behavior\ContentReplaceBehavior [ RunTime:0.000176s ]
INFO: [ template_filter ] --END-- [ RunTime:0.000282s ]
INFO: Run Behavior\ParseTemplateBehavior [ RunTime:0.023342s ]
INFO: [ view_parse ] --END-- [ RunTime:0.023448s ]
INFO: [ view_filter ] --START--
INFO: Run Behavior\WriteHtmlCacheBehavior [ RunTime:0.000372s ]
INFO: [ view_filter ] --END-- [ RunTime:0.000489s ]
INFO: [ app_end ] --START--
INFO: Run Behavior\ShowPageTraceBehavior [ RunTime:0.000575s ]
INFO: [ app_end ] --END-- [ RunTime:0.000709s ]

[ 2017-07-06T11:46:27+08:00 ] 127.0.0.1 /admin.php?s=/Config/group.html
INFO: [ app_init ] --START--
INFO: Run Behavior\BuildLiteBehavior [ RunTime:0.000046s ]
INFO: Run Common\Behavior\InitHookBehavior [ RunTime:0.002175s ]
INFO: [ app_init ] --END-- [ RunTime:0.002809s ]
INFO: [ app_begin ] --START--
INFO: Run Behavior\ReadHtmlCacheBehavior [ RunTime:0.000933s ]
INFO: [ app_begin ] --END-- [ RunTime:0.001113s ]
SQL: SHOW COLUMNS FROM `onethink_menu` [ RunTime:0.0098s ]
SQL: SELECT `id`,`title`,`url` FROM `onethink_menu` WHERE `pid` = 0 AND `hide` = 0 ORDER BY `sort` asc  [ RunTime:0.0003s ]
SQL: SELECT `pid` FROM `onethink_menu` WHERE ( pid !=0 AND url like '%Config/group%' ) LIMIT 1   [ RunTime:0.0006s ]
SQL: SELECT * FROM `onethink_menu` WHERE `id` = 68 LIMIT 1   [ RunTime:0.0003s ]
SQL: SELECT DISTINCT  `group` FROM `onethink_menu` WHERE `group` <> '' AND `pid` = 68  [ RunTime:0.0009s ]
SQL: SELECT `id`,`url` FROM `onethink_menu` WHERE `pid` = 68 AND `hide` = 0  [ RunTime:0.0004s ]
SQL: SELECT `id`,`pid`,`title`,`url`,`tip` FROM `onethink_menu` WHERE `group` = '系统设置' AND `pid` = 68 AND `hide` = 0 ORDER BY `sort` asc  [ RunTime:0.0004s ]
SQL: SELECT `id`,`pid`,`title`,`url`,`tip` FROM `onethink_menu` WHERE `group` = '数据备份' AND `pid` = 68 AND `hide` = 0 ORDER BY `sort` asc  [ RunTime:0.0005s ]
SQL: SHOW COLUMNS FROM `onethink_config` [ RunTime:0.0052s ]
SQL: SELECT `id`,`name`,`title`,`extra`,`value`,`remark`,`type` FROM `onethink_config` WHERE `status` = 1 AND `group` = 1 ORDER BY `sort`  [ RunTime:0.0005s ]
INFO: [ view_parse ] --START--
INFO: [ template_filter ] --START--
INFO: Run Behavior\ContentReplaceBehavior [ RunTime:0.000244s ]
INFO: [ template_filter ] --END-- [ RunTime:0.000388s ]
INFO: Run Behavior\ParseTemplateBehavior [ RunTime:0.025147s ]
INFO: [ view_parse ] --END-- [ RunTime:0.025254s ]
INFO: [ view_filter ] --START--
INFO: Run Behavior\WriteHtmlCacheBehavior [ RunTime:0.000327s ]
INFO: [ view_filter ] --END-- [ RunTime:0.000420s ]
INFO: [ app_end ] --START--
INFO: Run Behavior\ShowPageTraceBehavior [ RunTime:0.000730s ]
INFO: [ app_end ] --END-- [ RunTime:0.000898s ]

[ 2017-07-06T11:46:29+08:00 ] 127.0.0.1 /admin.php?s=/User/index.html
INFO: [ app_init ] --START--
INFO: Run Behavior\BuildLiteBehavior [ RunTime:0.000021s ]
INFO: Run Common\Behavior\InitHookBehavior [ RunTime:0.001990s ]
INFO: [ app_init ] --END-- [ RunTime:0.002492s ]
INFO: [ app_begin ] --START--
INFO: Run Behavior\ReadHtmlCacheBehavior [ RunTime:0.000594s ]
INFO: [ app_begin ] --END-- [ RunTime:0.000753s ]
SQL: SHOW COLUMNS FROM `onethink_member` [ RunTime:0.0053s ]
SQL: SELECT COUNT(*) AS tp_count FROM `onethink_member` WHERE `status` >= 0 AND `nickname` LIKE '%%' LIMIT 1   [ RunTime:0.0003s ]
SQL: SELECT `uid`,`nickname`,`sex`,`birthday`,`qq`,`score`,`login`,`reg_ip`,`reg_time`,`last_login_ip`,`last_login_time`,`status` FROM `onethink_member` WHERE `status` >= 0 AND `nickname` LIKE '%%' ORDER BY `uid` desc LIMIT 0,10   [ RunTime:0.0003s ]
INFO: [ view_parse ] --START--
INFO: [ template_filter ] --START--
INFO: Run Behavior\ContentReplaceBehavior [ RunTime:0.000158s ]
INFO: [ template_filter ] --END-- [ RunTime:0.000252s ]
INFO: Run Behavior\ParseTemplateBehavior [ RunTime:0.021002s ]
INFO: [ view_parse ] --END-- [ RunTime:0.021161s ]
INFO: [ view_filter ] --START--
INFO: Run Behavior\WriteHtmlCacheBehavior [ RunTime:0.000484s ]
INFO: [ view_filter ] --END-- [ RunTime:0.000649s ]
INFO: [ app_end ] --START--
INFO: Run Behavior\ShowPageTraceBehavior [ RunTime:0.000796s ]
INFO: [ app_end ] --END-- [ RunTime:0.000976s ]

[ 2017-07-06T11:46:29+08:00 ] 127.0.0.1 /admin.php?s=/Addons/index.html
INFO: [ app_init ] --START--
INFO: Run Behavior\BuildLiteBehavior [ RunTime:0.000021s ]
INFO: Run Common\Behavior\InitHookBehavior [ RunTime:0.002114s ]
INFO: [ app_init ] --END-- [ RunTime:0.002636s ]
INFO: [ app_begin ] --START--
INFO: Run Behavior\ReadHtmlCacheBehavior [ RunTime:0.000411s ]
INFO: [ app_begin ] --END-- [ RunTime:0.000515s ]
SQL: SHOW COLUMNS FROM `onethink_addons` [ RunTime:0.0051s ]
SQL: SELECT `title`,`name` FROM `onethink_addons` WHERE ( status=1 AND has_adminlist=1 )  [ RunTime:0.0004s ]
SQL: SHOW COLUMNS FROM `onethink_menu` [ RunTime:0.0052s ]
SQL: SELECT `id`,`title`,`url` FROM `onethink_menu` WHERE `pid` = 0 AND `hide` = 0 ORDER BY `sort` asc  [ RunTime:0.0003s ]
SQL: SELECT `pid` FROM `onethink_menu` WHERE ( pid !=0 AND url like '%Addons/index%' ) LIMIT 1   [ RunTime:0.0004s ]
SQL: SELECT * FROM `onethink_menu` WHERE `id` = 43 LIMIT 1   [ RunTime:0.0003s ]
SQL: SELECT DISTINCT  `group` FROM `onethink_menu` WHERE `group` <> '' AND `pid` = 43  [ RunTime:0.0003s ]
SQL: SELECT `id`,`url` FROM `onethink_menu` WHERE `pid` = 43 AND `hide` = 0  [ RunTime:0.0002s ]
SQL: SELECT `id`,`pid`,`title`,`url`,`tip` FROM `onethink_menu` WHERE `group` = '扩展' AND `pid` = 43 AND `hide` = 0 ORDER BY `sort` asc  [ RunTime:0.0003s ]
SQL: SELECT `id`,`name`,`title`,`description`,`status`,`config`,`author`,`version`,`create_time`,`has_adminlist` FROM `onethink_addons` WHERE `name` IN ('AdaptiveImages','Attachment','DevTeam','Digg','Editor','EditorForAdmin','Iswaf','QiuBai','ReturnTop','SiteStat','SocialComment','SystemInfo')  [ RunTime:0.0004s ]
INFO: [ view_parse ] --START--
INFO: [ template_filter ] --START--
INFO: Run Behavior\ContentReplaceBehavior [ RunTime:0.000164s ]
INFO: [ template_filter ] --END-- [ RunTime:0.000264s ]
SQL: SHOW COLUMNS FROM `onethink_addons` [ RunTime:0.0050s ]
SQL: SELECT `config` FROM `onethink_addons` WHERE `name` = 'SocialComment' AND `status` = 1 LIMIT 1   [ RunTime:0.0003s ]
SQL: SELECT `config` FROM `onethink_addons` WHERE `name` = 'Attachment' AND `status` = 1 LIMIT 1   [ RunTime:0.0005s ]
SQL: SELECT `config` FROM `onethink_addons` WHERE `name` = 'SiteStat' AND `status` = 1 LIMIT 1   [ RunTime:0.0002s ]
SQL: SELECT `config` FROM `onethink_addons` WHERE `name` = 'DevTeam' AND `status` = 1 LIMIT 1   [ RunTime:0.0002s ]
SQL: SELECT `config` FROM `onethink_addons` WHERE `name` = 'SystemInfo' AND `status` = 1 LIMIT 1   [ RunTime:0.0002s ]
INFO: Run Behavior\ParseTemplateBehavior [ RunTime:0.036706s ]
INFO: [ view_parse ] --END-- [ RunTime:0.036804s ]
INFO: [ view_filter ] --START--
INFO: Run Behavior\WriteHtmlCacheBehavior [ RunTime:0.000295s ]
INFO: [ view_filter ] --END-- [ RunTime:0.000387s ]
INFO: [ app_end ] --START--
INFO: Run Behavior\ShowPageTraceBehavior [ RunTime:0.000642s ]
INFO: [ app_end ] --END-- [ RunTime:0.000780s ]

[ 2017-07-06T11:46:30+08:00 ] 127.0.0.1 /admin.php?s=/Article/index.html
INFO: [ app_init ] --START--
INFO: Run Behavior\BuildLiteBehavior [ RunTime:0.000021s ]
INFO: Run Common\Behavior\InitHookBehavior [ RunTime:0.002039s ]
INFO: [ app_init ] --END-- [ RunTime:0.002519s ]
INFO: [ app_begin ] --START--
INFO: Run Behavior\ReadHtmlCacheBehavior [ RunTime:0.000853s ]
INFO: [ app_begin ] --END-- [ RunTime:0.000997s ]
SQL: SHOW COLUMNS FROM `onethink_auth_group_access` [ RunTime:0.0041s ]
SQL: SELECT `extend_id` FROM onethink_auth_group_access g INNER JOIN onethink_auth_extend c on g.group_id=c.group_id  WHERE ( g.uid='1' and c.type='1' and !isnull(extend_id) )  [ RunTime:0.0003s ]
SQL: SHOW COLUMNS FROM `onethink_category` [ RunTime:0.0055s ]
SQL: SELECT `id`,`title`,`pid`,`allow_publish` FROM `onethink_category` WHERE `status` = 1 ORDER BY `pid`,`sort`  [ RunTime:0.0003s ]
SQL: SHOW COLUMNS FROM `onethink_model` [ RunTime:0.0046s ]
SQL: SELECT * FROM `onethink_model` WHERE `name` = 'document' LIMIT 1   [ RunTime:0.0004s ]
SQL: SHOW COLUMNS FROM `onethink_document` [ RunTime:0.0051s ]
SQL: SELECT COUNT(*) AS tp_count FROM onethink_document DOCUMENT WHERE `status` IN ('0','1','2') AND `pid` = 0 LIMIT 1   [ RunTime:0.0003s ]
SQL: SELECT `id`,`title`,`type`,`update_time`,`status`,`view`,`category_id`,`model_id`,`pid` FROM onethink_document DOCUMENT WHERE `status` IN ('0','1','2') AND `pid` = 0 ORDER BY `level` DESC,DOCUMENT.id DESC LIMIT 0,10   [ RunTime:0.0004s ]
SQL: SELECT `extend` FROM `onethink_model` WHERE `id` = 1 LIMIT 1   [ RunTime:0.0003s ]
SQL: SHOW COLUMNS FROM `onethink_attribute` [ RunTime:0.0048s ]
SQL: SELECT `id`,`name`,`type`,`extra` FROM `onethink_attribute` WHERE `model_id` = 1  [ RunTime:0.0003s ]
NOTIC: [8] Undefined variable: groups D:\wwwroot\Application\Admin\Controller\ArticleController.class.php 第 231 行.
INFO: [ view_parse ] --START--
INFO: [ template_filter ] --START--
INFO: Run Behavior\ContentReplaceBehavior [ RunTime:0.000458s ]
INFO: [ template_filter ] --END-- [ RunTime:0.000591s ]
INFO: Run Behavior\ParseTemplateBehavior [ RunTime:0.069595s ]
INFO: [ view_parse ] --END-- [ RunTime:0.069701s ]
INFO: [ view_filter ] --START--
INFO: Run Behavior\WriteHtmlCacheBehavior [ RunTime:0.000377s ]
INFO: [ view_filter ] --END-- [ RunTime:0.000473s ]
INFO: [ app_end ] --START--
INFO: Run Behavior\ShowPageTraceBehavior [ RunTime:0.000544s ]
INFO: [ app_end ] --END-- [ RunTime:0.000659s ]

[ 2017-07-06T11:46:34+08:00 ] 127.0.0.1 /admin.php?s=/Index/index.html
INFO: [ app_init ] --START--
INFO: Run Behavior\BuildLiteBehavior [ RunTime:0.000021s ]
INFO: Run Common\Behavior\InitHookBehavior [ RunTime:0.002088s ]
INFO: [ app_init ] --END-- [ RunTime:0.002551s ]
INFO: [ app_begin ] --START--
INFO: Run Behavior\ReadHtmlCacheBehavior [ RunTime:0.000903s ]
INFO: [ app_begin ] --END-- [ RunTime:0.001003s ]
INFO: [ view_parse ] --START--
INFO: [ template_filter ] --START--
INFO: Run Behavior\ContentReplaceBehavior [ RunTime:0.000148s ]
INFO: [ template_filter ] --END-- [ RunTime:0.000257s ]
INFO: [ AdminIndex ] --START--
SQL: SHOW COLUMNS FROM `onethink_addons` [ RunTime:0.0049s ]
SQL: SELECT `config` FROM `onethink_addons` WHERE `name` = 'SiteStat' AND `status` = 1 LIMIT 1   [ RunTime:0.0003s ]
SQL: SHOW COLUMNS FROM `onethink_member` [ RunTime:0.0048s ]
SQL: SELECT COUNT(*) AS tp_count FROM `onethink_member` LIMIT 1   [ RunTime:0.0002s ]
SQL: SHOW COLUMNS FROM `onethink_action_log` [ RunTime:0.0049s ]
SQL: SELECT COUNT(*) AS tp_count FROM `onethink_action_log` LIMIT 1   [ RunTime:0.0002s ]
SQL: SHOW COLUMNS FROM `onethink_document` [ RunTime:0.0054s ]
SQL: SELECT COUNT(*) AS tp_count FROM `onethink_document` LIMIT 1   [ RunTime:0.0003s ]
SQL: SHOW COLUMNS FROM `onethink_category` [ RunTime:0.0052s ]
SQL: SELECT COUNT(*) AS tp_count FROM `onethink_category` LIMIT 1   [ RunTime:0.0003s ]
SQL: SHOW COLUMNS FROM `onethink_model` [ RunTime:0.0053s ]
SQL: SELECT COUNT(*) AS tp_count FROM `onethink_model` LIMIT 1   [ RunTime:0.0004s ]
INFO: [ view_parse ] --START--
INFO: [ template_filter ] --START--
INFO: Run Behavior\ContentReplaceBehavior [ RunTime:0.000062s ]
INFO: [ template_filter ] --END-- [ RunTime:-0.049811s ]
INFO: Run Behavior\ParseTemplateBehavior [ RunTime:0.002982s ]
INFO: [ view_parse ] --END-- [ RunTime:0.003087s ]
INFO: [ view_filter ] --START--
INFO: Run Behavior\WriteHtmlCacheBehavior [ RunTime:0.000281s ]
INFO: [ view_filter ] --END-- [ RunTime:0.000374s ]
INFO: Run Addons\SiteStat\SiteStatAddon [ RunTime:0.047978s ]
SQL: SELECT `config` FROM `onethink_addons` WHERE `name` = 'SystemInfo' AND `status` = 1 LIMIT 1   [ RunTime:0.0003s ]
INFO: [ view_parse ] --START--
INFO: [ template_filter ] --START--
INFO: Run Behavior\ContentReplaceBehavior [ RunTime:0.000084s ]
INFO: [ template_filter ] --END-- [ RunTime:-1.267813s ]
SQL: select version() as v; [ RunTime:0.0003s ]
INFO: Run Behavior\ParseTemplateBehavior [ RunTime:0.005101s ]
INFO: [ view_parse ] --END-- [ RunTime:-1.214186s ]
INFO: [ view_filter ] --START--
INFO: Run Behavior\WriteHtmlCacheBehavior [ RunTime:0.000028s ]
INFO: [ view_filter ] --END-- [ RunTime:-1.219050s ]
INFO: Run Addons\SystemInfo\SystemInfoAddon [ RunTime:1.219118s ]
SQL: SELECT `config` FROM `onethink_addons` WHERE `name` = 'DevTeam' AND `status` = 1 LIMIT 1   [ RunTime:0.0004s ]
INFO: [ view_parse ] --START--
INFO: [ template_filter ] --START--
INFO: Run Behavior\ContentReplaceBehavior [ RunTime:0.000082s ]
INFO: [ template_filter ] --END-- [ RunTime:-1.274974s ]
INFO: Run Behavior\ParseTemplateBehavior [ RunTime:0.003165s ]
INFO: [ view_parse ] --END-- [ RunTime:-1.222020s ]
INFO: [ view_filter ] --START--
INFO: Run Behavior\WriteHtmlCacheBehavior [ RunTime:0.000027s ]
INFO: [ view_filter ] --END-- [ RunTime:-1.224927s ]
INFO: Run Addons\DevTeam\DevTeamAddon [ RunTime:0.005819s ]
INFO: [ AdminIndex ] --END-- [ RunTime:1.273146s ]
INFO: Run Behavior\ParseTemplateBehavior [ RunTime:0.003593s ]
INFO: [ view_parse ] --END-- [ RunTime:-1.222020s ]
INFO: [ view_filter ] --START--
INFO: Run Behavior\WriteHtmlCacheBehavior [ RunTime:0.000024s ]
INFO: [ view_filter ] --END-- [ RunTime:-1.225335s ]
INFO: [ app_end ] --START--
INFO: Run Behavior\ShowPageTraceBehavior [ RunTime:0.000573s ]
INFO: [ app_end ] --END-- [ RunTime:0.000782s ]

[ 2017-07-06T11:46:36+08:00 ] 127.0.0.1 /admin.php?s=/Index/index.html
INFO: [ app_init ] --START--
INFO: Run Behavior\BuildLiteBehavior [ RunTime:0.000021s ]
INFO: Run Common\Behavior\InitHookBehavior [ RunTime:0.002044s ]
INFO: [ app_init ] --END-- [ RunTime:0.002507s ]
INFO: [ app_begin ] --START--
INFO: Run Behavior\ReadHtmlCacheBehavior [ RunTime:0.000532s ]
INFO: [ app_begin ] --END-- [ RunTime:0.000698s ]
INFO: [ view_parse ] --START--
INFO: [ template_filter ] --START--
INFO: Run Behavior\ContentReplaceBehavior [ RunTime:0.000129s ]
INFO: [ template_filter ] --END-- [ RunTime:0.000231s ]
INFO: [ AdminIndex ] --START--
SQL: SHOW COLUMNS FROM `onethink_addons` [ RunTime:0.0059s ]
SQL: SELECT `config` FROM `onethink_addons` WHERE `name` = 'SiteStat' AND `status` = 1 LIMIT 1   [ RunTime:0.0003s ]
SQL: SHOW COLUMNS FROM `onethink_member` [ RunTime:0.0051s ]
SQL: SELECT COUNT(*) AS tp_count FROM `onethink_member` LIMIT 1   [ RunTime:0.0004s ]
SQL: SHOW COLUMNS FROM `onethink_action_log` [ RunTime:0.0052s ]
SQL: SELECT COUNT(*) AS tp_count FROM `onethink_action_log` LIMIT 1   [ RunTime:0.0002s ]
SQL: SHOW COLUMNS FROM `onethink_document` [ RunTime:0.0056s ]
SQL: SELECT COUNT(*) AS tp_count FROM `onethink_document` LIMIT 1   [ RunTime:0.0002s ]
SQL: SHOW COLUMNS FROM `onethink_category` [ RunTime:0.0066s ]
SQL: SELECT COUNT(*) AS tp_count FROM `onethink_category` LIMIT 1   [ RunTime:0.0003s ]
SQL: SHOW COLUMNS FROM `onethink_model` [ RunTime:0.0055s ]
SQL: SELECT COUNT(*) AS tp_count FROM `onethink_model` LIMIT 1   [ RunTime:0.0003s ]
INFO: [ view_parse ] --START--
INFO: [ template_filter ] --START--
INFO: Run Behavior\ContentReplaceBehavior [ RunTime:0.000065s ]
INFO: [ template_filter ] --END-- [ RunTime:-0.063600s ]
INFO: Run Behavior\ParseTemplateBehavior [ RunTime:0.003199s ]
INFO: [ view_parse ] --END-- [ RunTime:0.003312s ]
INFO: [ view_filter ] --START--
INFO: Run Behavior\WriteHtmlCacheBehavior [ RunTime:0.000340s ]
INFO: [ view_filter ] --END-- [ RunTime:0.000434s ]
INFO: Run Addons\SiteStat\SiteStatAddon [ RunTime:0.060777s ]
SQL: SELECT `config` FROM `onethink_addons` WHERE `name` = 'SystemInfo' AND `status` = 1 LIMIT 1   [ RunTime:0.0004s ]
INFO: [ view_parse ] --START--
INFO: [ template_filter ] --START--
INFO: Run Behavior\ContentReplaceBehavior [ RunTime:0.000075s ]
INFO: [ template_filter ] --END-- [ RunTime:-0.161114s ]
SQL: select version() as v; [ RunTime:0.0003s ]
INFO: Run Behavior\ParseTemplateBehavior [ RunTime:0.004862s ]
INFO: [ view_parse ] --END-- [ RunTime:-0.093386s ]
INFO: [ view_filter ] --START--
INFO: Run Behavior\WriteHtmlCacheBehavior [ RunTime:0.000050s ]
INFO: [ view_filter ] --END-- [ RunTime:-0.097927s ]
INFO: Run Addons\SystemInfo\SystemInfoAddon [ RunTime:0.098024s ]
SQL: SELECT `config` FROM `onethink_addons` WHERE `name` = 'DevTeam' AND `status` = 1 LIMIT 1   [ RunTime:0.0003s ]
INFO: [ view_parse ] --START--
INFO: [ template_filter ] --START--
INFO: Run Behavior\ContentReplaceBehavior [ RunTime:0.000064s ]
INFO: [ template_filter ] --END-- [ RunTime:-0.166935s ]
INFO: Run Behavior\ParseTemplateBehavior [ RunTime:0.002837s ]
INFO: [ view_parse ] --END-- [ RunTime:-0.100406s ]
INFO: [ view_filter ] --START--
INFO: Run Behavior\WriteHtmlCacheBehavior [ RunTime:0.000027s ]
INFO: [ view_filter ] --END-- [ RunTime:-0.102911s ]
INFO: Run Addons\DevTeam\DevTeamAddon [ RunTime:0.004935s ]
INFO: [ AdminIndex ] --END-- [ RunTime:0.163985s ]
INFO: Run Behavior\ParseTemplateBehavior [ RunTime:0.003343s ]
INFO: [ view_parse ] --END-- [ RunTime:-0.100406s ]
INFO: [ view_filter ] --START--
INFO: Run Behavior\WriteHtmlCacheBehavior [ RunTime:0.000023s ]
INFO: [ view_filter ] --END-- [ RunTime:-0.103396s ]
INFO: [ app_end ] --START--
INFO: Run Behavior\ShowPageTraceBehavior [ RunTime:0.000725s ]
INFO: [ app_end ] --END-- [ RunTime:0.000867s ]

[ 2017-07-06T11:50:25+08:00 ] 127.0.0.1 /admin.php
INFO: [ app_init ] --START--
INFO: Run Behavior\BuildLiteBehavior [ RunTime:0.000020s ]
INFO: Run Common\Behavior\InitHookBehavior [ RunTime:0.001692s ]
INFO: [ app_init ] --END-- [ RunTime:0.002153s ]
INFO: [ app_begin ] --START--
INFO: Run Behavior\ReadHtmlCacheBehavior [ RunTime:0.000427s ]
INFO: [ app_begin ] --END-- [ RunTime:0.000528s ]
INFO: [ view_parse ] --START--
INFO: [ template_filter ] --START--
INFO: Run Behavior\ContentReplaceBehavior [ RunTime:0.000122s ]
INFO: [ template_filter ] --END-- [ RunTime:0.000220s ]
INFO: [ AdminIndex ] --START--
SQL: SHOW COLUMNS FROM `onethink_addons` [ RunTime:0.1450s ]
SQL: SELECT `config` FROM `onethink_addons` WHERE `name` = 'SiteStat' AND `status` = 1 LIMIT 1   [ RunTime:0.0002s ]
SQL: SHOW COLUMNS FROM `onethink_member` [ RunTime:0.0445s ]
SQL: SELECT COUNT(*) AS tp_count FROM `onethink_member` LIMIT 1   [ RunTime:0.0002s ]
SQL: SHOW COLUMNS FROM `onethink_action_log` [ RunTime:0.0046s ]
SQL: SELECT COUNT(*) AS tp_count FROM `onethink_action_log` LIMIT 1   [ RunTime:0.0002s ]
SQL: SHOW COLUMNS FROM `onethink_document` [ RunTime:0.0055s ]
SQL: SELECT COUNT(*) AS tp_count FROM `onethink_document` LIMIT 1   [ RunTime:0.0002s ]
SQL: SHOW COLUMNS FROM `onethink_category` [ RunTime:0.0058s ]
SQL: SELECT COUNT(*) AS tp_count FROM `onethink_category` LIMIT 1   [ RunTime:0.0002s ]
SQL: SHOW COLUMNS FROM `onethink_model` [ RunTime:0.0056s ]
SQL: SELECT COUNT(*) AS tp_count FROM `onethink_model` LIMIT 1   [ RunTime:0.0002s ]
INFO: [ view_parse ] --START--
INFO: [ template_filter ] --START--
INFO: Run Behavior\ContentReplaceBehavior [ RunTime:0.000111s ]
INFO: [ template_filter ] --END-- [ RunTime:-0.239949s ]
INFO: Run Behavior\ParseTemplateBehavior [ RunTime:0.003651s ]
INFO: [ view_parse ] --END-- [ RunTime:0.003767s ]
INFO: [ view_filter ] --START--
INFO: Run Behavior\WriteHtmlCacheBehavior [ RunTime:0.000368s ]
INFO: [ view_filter ] --END-- [ RunTime:0.000484s ]
INFO: Run Addons\SiteStat\SiteStatAddon [ RunTime:0.237300s ]
SQL: SELECT `config` FROM `onethink_addons` WHERE `name` = 'SystemInfo' AND `status` = 1 LIMIT 1   [ RunTime:0.0004s ]
INFO: [ view_parse ] --START--
INFO: [ template_filter ] --START--
INFO: Run Behavior\ContentReplaceBehavior [ RunTime:0.000093s ]
INFO: [ template_filter ] --END-- [ RunTime:-0.401039s ]
SQL: select version() as v; [ RunTime:0.0003s ]
INFO: Run Behavior\ParseTemplateBehavior [ RunTime:0.005263s ]
INFO: [ view_parse ] --END-- [ RunTime:-0.156611s ]
INFO: [ view_filter ] --START--
INFO: Run Behavior\WriteHtmlCacheBehavior [ RunTime:0.000027s ]
INFO: [ view_filter ] --END-- [ RunTime:-0.161512s ]
INFO: Run Addons\SystemInfo\SystemInfoAddon [ RunTime:0.161569s ]
SQL: SELECT `config` FROM `onethink_addons` WHERE `name` = 'DevTeam' AND `status` = 1 LIMIT 1   [ RunTime:0.0003s ]
INFO: [ view_parse ] --START--
INFO: [ template_filter ] --START--
INFO: Run Behavior\ContentReplaceBehavior [ RunTime:0.000067s ]
INFO: [ template_filter ] --END-- [ RunTime:-0.407973s ]
INFO: Run Behavior\ParseTemplateBehavior [ RunTime:0.003116s ]
INFO: [ view_parse ] --END-- [ RunTime:-0.164515s ]
INFO: [ view_filter ] --START--
INFO: Run Behavior\WriteHtmlCacheBehavior [ RunTime:0.000028s ]
INFO: [ view_filter ] --END-- [ RunTime:-0.167264s ]
INFO: Run Addons\DevTeam\DevTeamAddon [ RunTime:0.005692s ]
INFO: [ AdminIndex ] --END-- [ RunTime:0.404857s ]
INFO: Run Behavior\ParseTemplateBehavior [ RunTime:0.003602s ]
INFO: [ view_parse ] --END-- [ RunTime:-0.164515s ]
INFO: [ view_filter ] --START--
INFO: Run Behavior\WriteHtmlCacheBehavior [ RunTime:0.000025s ]
INFO: [ view_filter ] --END-- [ RunTime:-0.167723s ]
INFO: [ app_end ] --START--
INFO: Run Behavior\ShowPageTraceBehavior [ RunTime:0.000495s ]
INFO: [ app_end ] --END-- [ RunTime:0.000619s ]

[ 2017-07-06T11:50:31+08:00 ] 127.0.0.1 /admin.php?s=/User/updatePassword.html
INFO: [ app_init ] --START--
INFO: Run Behavior\BuildLiteBehavior [ RunTime:0.000021s ]
INFO: Run Common\Behavior\InitHookBehavior [ RunTime:0.001662s ]
INFO: [ app_init ] --END-- [ RunTime:0.002122s ]
INFO: [ app_begin ] --START--
INFO: Run Behavior\ReadHtmlCacheBehavior [ RunTime:0.000411s ]
INFO: [ app_begin ] --END-- [ RunTime:0.000552s ]
INFO: [ view_parse ] --START--
INFO: [ template_filter ] --START--
INFO: Run Behavior\ContentReplaceBehavior [ RunTime:0.000143s ]
INFO: [ template_filter ] --END-- [ RunTime:0.000244s ]
INFO: Run Behavior\ParseTemplateBehavior [ RunTime:0.017758s ]
INFO: [ view_parse ] --END-- [ RunTime:0.017866s ]
INFO: [ view_filter ] --START--
INFO: Run Behavior\WriteHtmlCacheBehavior [ RunTime:0.000273s ]
INFO: [ view_filter ] --END-- [ RunTime:0.000361s ]
INFO: [ app_end ] --START--
INFO: Run Behavior\ShowPageTraceBehavior [ RunTime:0.000677s ]
INFO: [ app_end ] --END-- [ RunTime:0.000828s ]

[ 2017-07-06T11:50:35+08:00 ] 127.0.0.1 /admin.php?s=/Index/index.html
INFO: [ app_init ] --START--
INFO: Run Behavior\BuildLiteBehavior [ RunTime:0.000021s ]
INFO: Run Common\Behavior\InitHookBehavior [ RunTime:0.001649s ]
INFO: [ app_init ] --END-- [ RunTime:0.002110s ]
INFO: [ app_begin ] --START--
INFO: Run Behavior\ReadHtmlCacheBehavior [ RunTime:0.000404s ]
INFO: [ app_begin ] --END-- [ RunTime:0.000506s ]
INFO: [ view_parse ] --START--
INFO: [ template_filter ] --START--
INFO: Run Behavior\ContentReplaceBehavior [ RunTime:0.000130s ]
INFO: [ template_filter ] --END-- [ RunTime:0.000230s ]
INFO: [ AdminIndex ] --START--
SQL: SHOW COLUMNS FROM `onethink_addons` [ RunTime:0.0052s ]
SQL: SELECT `config` FROM `onethink_addons` WHERE `name` = 'SiteStat' AND `status` = 1 LIMIT 1   [ RunTime:0.0004s ]
SQL: SHOW COLUMNS FROM `onethink_member` [ RunTime:0.0060s ]
SQL: SELECT COUNT(*) AS tp_count FROM `onethink_member` LIMIT 1   [ RunTime:0.0003s ]
SQL: SHOW COLUMNS FROM `onethink_action_log` [ RunTime:0.0053s ]
SQL: SELECT COUNT(*) AS tp_count FROM `onethink_action_log` LIMIT 1   [ RunTime:0.0002s ]
SQL: SHOW COLUMNS FROM `onethink_document` [ RunTime:0.0066s ]
SQL: SELECT COUNT(*) AS tp_count FROM `onethink_document` LIMIT 1   [ RunTime:0.0003s ]
SQL: SHOW COLUMNS FROM `onethink_category` [ RunTime:0.0057s ]
SQL: SELECT COUNT(*) AS tp_count FROM `onethink_category` LIMIT 1   [ RunTime:0.0003s ]
SQL: SHOW COLUMNS FROM `onethink_model` [ RunTime:0.0054s ]
SQL: SELECT COUNT(*) AS tp_count FROM `onethink_model` LIMIT 1   [ RunTime:0.0003s ]
INFO: [ view_parse ] --START--
INFO: [ template_filter ] --START--
INFO: Run Behavior\ContentReplaceBehavior [ RunTime:0.000066s ]
INFO: [ template_filter ] --END-- [ RunTime:-0.063168s ]
INFO: Run Behavior\ParseTemplateBehavior [ RunTime:0.003364s ]
INFO: [ view_parse ] --END-- [ RunTime:0.003487s ]
INFO: [ view_filter ] --START--
INFO: Run Behavior\WriteHtmlCacheBehavior [ RunTime:0.000284s ]
INFO: [ view_filter ] --END-- [ RunTime:0.000378s ]
INFO: Run Addons\SiteStat\SiteStatAddon [ RunTime:0.061257s ]
SQL: SELECT `config` FROM `onethink_addons` WHERE `name` = 'SystemInfo' AND `status` = 1 LIMIT 1   [ RunTime:0.0006s ]
INFO: [ view_parse ] --START--
INFO: [ template_filter ] --START--
INFO: Run Behavior\ContentReplaceBehavior [ RunTime:0.000078s ]
INFO: [ template_filter ] --END-- [ RunTime:-0.174304s ]
SQL: select version() as v; [ RunTime:0.0002s ]
INFO: Run Behavior\ParseTemplateBehavior [ RunTime:0.005230s ]
INFO: [ view_parse ] --END-- [ RunTime:-0.106711s ]
INFO: [ view_filter ] --START--
INFO: Run Behavior\WriteHtmlCacheBehavior [ RunTime:0.000028s ]
INFO: [ view_filter ] --END-- [ RunTime:-0.111700s ]
INFO: Run Addons\SystemInfo\SystemInfoAddon [ RunTime:0.111824s ]
SQL: SELECT `config` FROM `onethink_addons` WHERE `name` = 'DevTeam' AND `status` = 1 LIMIT 1   [ RunTime:0.0004s ]
INFO: [ view_parse ] --START--
INFO: [ template_filter ] --START--
INFO: Run Behavior\ContentReplaceBehavior [ RunTime:0.000068s ]
INFO: [ template_filter ] --END-- [ RunTime:-0.181309s ]
INFO: Run Behavior\ParseTemplateBehavior [ RunTime:0.003180s ]
INFO: [ view_parse ] --END-- [ RunTime:-0.114835s ]
INFO: [ view_filter ] --START--
INFO: Run Behavior\WriteHtmlCacheBehavior [ RunTime:0.000026s ]
INFO: [ view_filter ] --END-- [ RunTime:-0.117830s ]
INFO: Run Addons\DevTeam\DevTeamAddon [ RunTime:0.006097s ]
INFO: [ AdminIndex ] --END-- [ RunTime:0.179383s ]
INFO: Run Behavior\ParseTemplateBehavior [ RunTime:0.003878s ]
INFO: [ view_parse ] --END-- [ RunTime:-0.114835s ]
INFO: [ view_filter ] --START--
INFO: Run Behavior\WriteHtmlCacheBehavior [ RunTime:0.000024s ]
INFO: [ view_filter ] --END-- [ RunTime:-0.118539s ]
INFO: [ app_end ] --START--
INFO: Run Behavior\ShowPageTraceBehavior [ RunTime:0.000727s ]
INFO: [ app_end ] --END-- [ RunTime:0.000841s ]

[ 2017-07-06T11:50:39+08:00 ] 127.0.0.1 /admin.php?s=/Article/index.html
INFO: [ app_init ] --START--
INFO: Run Behavior\BuildLiteBehavior [ RunTime:0.000020s ]
INFO: Run Common\Behavior\InitHookBehavior [ RunTime:0.001720s ]
INFO: [ app_init ] --END-- [ RunTime:0.002326s ]
INFO: [ app_begin ] --START--
INFO: Run Behavior\ReadHtmlCacheBehavior [ RunTime:0.000399s ]
INFO: [ app_begin ] --END-- [ RunTime:0.000500s ]
SQL: SHOW COLUMNS FROM `onethink_auth_group_access` [ RunTime:0.0044s ]
SQL: SELECT `extend_id` FROM onethink_auth_group_access g INNER JOIN onethink_auth_extend c on g.group_id=c.group_id  WHERE ( g.uid='1' and c.type='1' and !isnull(extend_id) )  [ RunTime:0.0003s ]
SQL: SHOW COLUMNS FROM `onethink_category` [ RunTime:0.0052s ]
SQL: SELECT `id`,`title`,`pid`,`allow_publish` FROM `onethink_category` WHERE `status` = 1 ORDER BY `pid`,`sort`  [ RunTime:0.0003s ]
SQL: SHOW COLUMNS FROM `onethink_model` [ RunTime:0.0054s ]
SQL: SELECT * FROM `onethink_model` WHERE `name` = 'document' LIMIT 1   [ RunTime:0.0004s ]
SQL: SHOW COLUMNS FROM `onethink_document` [ RunTime:0.0055s ]
SQL: SELECT COUNT(*) AS tp_count FROM onethink_document DOCUMENT WHERE `status` IN ('0','1','2') AND `pid` = 0 LIMIT 1   [ RunTime:0.0003s ]
SQL: SELECT `id`,`title`,`type`,`update_time`,`status`,`view`,`category_id`,`model_id`,`pid` FROM onethink_document DOCUMENT WHERE `status` IN ('0','1','2') AND `pid` = 0 ORDER BY `level` DESC,DOCUMENT.id DESC LIMIT 0,10   [ RunTime:0.0004s ]
SQL: SELECT `extend` FROM `onethink_model` WHERE `id` = 1 LIMIT 1   [ RunTime:0.0003s ]
SQL: SHOW COLUMNS FROM `onethink_attribute` [ RunTime:0.0058s ]
SQL: SELECT `id`,`name`,`type`,`extra` FROM `onethink_attribute` WHERE `model_id` = 1  [ RunTime:0.0005s ]
NOTIC: [8] Undefined variable: groups D:\wwwroot\Application\Admin\Controller\ArticleController.class.php 第 231 行.
INFO: [ view_parse ] --START--
INFO: [ template_filter ] --START--
INFO: Run Behavior\ContentReplaceBehavior [ RunTime:0.000294s ]
INFO: [ template_filter ] --END-- [ RunTime:0.000399s ]
INFO: Run Behavior\ParseTemplateBehavior [ RunTime:0.054384s ]
INFO: [ view_parse ] --END-- [ RunTime:0.054527s ]
INFO: [ view_filter ] --START--
INFO: Run Behavior\WriteHtmlCacheBehavior [ RunTime:0.000390s ]
INFO: [ view_filter ] --END-- [ RunTime:0.000491s ]
INFO: [ app_end ] --START--
INFO: Run Behavior\ShowPageTraceBehavior [ RunTime:0.000670s ]
INFO: [ app_end ] --END-- [ RunTime:0.000780s ]

[ 2017-07-06T11:50:41+08:00 ] 127.0.0.1 /admin.php?s=/Article/edit/id/1/model/1/cate_id/2.html
INFO: [ app_init ] --START--
INFO: Run Behavior\BuildLiteBehavior [ RunTime:0.000019s ]
INFO: Run Common\Behavior\InitHookBehavior [ RunTime:0.001734s ]
INFO: [ app_init ] --END-- [ RunTime:0.002182s ]
INFO: [ app_begin ] --START--
INFO: Run Behavior\ReadHtmlCacheBehavior [ RunTime:0.000479s ]
INFO: [ app_begin ] --END-- [ RunTime:0.000586s ]
SQL: SHOW COLUMNS FROM `onethink_auth_group_access` [ RunTime:0.0044s ]
SQL: SELECT `extend_id` FROM onethink_auth_group_access g INNER JOIN onethink_auth_extend c on g.group_id=c.group_id  WHERE ( g.uid='1' and c.type='1' and !isnull(extend_id) )  [ RunTime:0.0003s ]
SQL: SHOW COLUMNS FROM `onethink_category` [ RunTime:0.0054s ]
SQL: SELECT `id`,`title`,`pid`,`allow_publish` FROM `onethink_category` WHERE `status` = 1 ORDER BY `pid`,`sort`  [ RunTime:0.0004s ]
SQL: SELECT `id`,`title`,`pid` FROM `onethink_category` WHERE `status` = 1 ORDER BY `sort`  [ RunTime:0.0002s ]
SQL: SHOW COLUMNS FROM `onethink_document` [ RunTime:0.0054s ]
SQL: SELECT `id`,`uid`,`name`,`title`,`category_id`,`group_id`,`description`,`root`,`pid`,`model_id`,`type`,`position`,`link_id`,`cover_id`,`display`,`deadline`,`attach`,`view`,`comment`,`extend`,`level`,`create_time`,`update_time`,`status` FROM `onethink_document` WHERE `id` = 1 LIMIT 1   [ RunTime:0.0004s ]
SQL: SHOW COLUMNS FROM `onethink_model` [ RunTime:0.0058s ]
SQL: SELECT `id`,`name`,`title`,`extend`,`relation`,`need_pk`,`field_sort`,`field_group`,`attribute_list`,`attribute_alias`,`template_list`,`template_add`,`template_edit`,`list_grid`,`list_row`,`search_key`,`search_list`,`create_time`,`update_time`,`status`,`engine_type` FROM `onethink_model` WHERE `status` = 1 AND `extend` = 1  [ RunTime:0.0005s ]
SQL: SHOW COLUMNS FROM `onethink_document_article` [ RunTime:0.0051s ]
SQL: SELECT `id`,`parse`,`content`,`template`,`bookmark` FROM `onethink_document_article` WHERE `id` = 1 LIMIT 1   [ RunTime:0.0003s ]
SQL: SELECT `extend` FROM `onethink_model` WHERE `id` = 2 LIMIT 1   [ RunTime:0.0002s ]
SQL: SHOW COLUMNS FROM `onethink_attribute` [ RunTime:0.0110s ]
SQL: SELECT `id`,`name`,`title`,`field`,`type`,`value`,`remark`,`is_show`,`extra`,`model_id`,`is_must`,`status`,`update_time`,`create_time`,`validate_rule`,`validate_time`,`error_info`,`validate_type`,`auto_rule`,`auto_time`,`auto_type` FROM `onethink_attribute` WHERE `model_id` IN ('2','1')  [ RunTime:0.0004s ]
SQL: SELECT `field_sort`,`attribute_list`,`attribute_alias` FROM `onethink_model` WHERE `id` = 2 LIMIT 1   [ RunTime:0.0002s ]
SQL: SELECT `type` FROM `onethink_category` WHERE `id` = 2 LIMIT 1   [ RunTime:0.0002s ]
INFO: [ view_parse ] --START--
INFO: [ template_filter ] --START--
INFO: Run Behavior\ContentReplaceBehavior [ RunTime:0.000387s ]
INFO: [ template_filter ] --END-- [ RunTime:0.000497s ]
INFO: [ adminArticleEdit ] --START--
SQL: SHOW COLUMNS FROM `onethink_addons` [ RunTime:0.0049s ]
SQL: SELECT `config` FROM `onethink_addons` WHERE `name` = 'EditorForAdmin' AND `status` = 1 LIMIT 1   [ RunTime:0.0003s ]
INFO: [ view_parse ] --START--
INFO: [ template_filter ] --START--
INFO: Run Behavior\ContentReplaceBehavior [ RunTime:0.000114s ]
INFO: [ template_filter ] --END-- [ RunTime:-0.030149s ]
INFO: Run Behavior\ParseTemplateBehavior [ RunTime:0.007849s ]
INFO: [ view_parse ] --END-- [ RunTime:0.007956s ]
INFO: [ view_filter ] --START--
INFO: Run Behavior\WriteHtmlCacheBehavior [ RunTime:0.000307s ]
INFO: [ view_filter ] --END-- [ RunTime:0.000400s ]
INFO: Run Addons\EditorForAdmin\EditorForAdminAddon [ RunTime:0.016781s ]
INFO: [ adminArticleEdit ] --END-- [ RunTime:0.016914s ]
INFO: Run Behavior\ParseTemplateBehavior [ RunTime:0.009036s ]
INFO: [ view_parse ] --END-- [ RunTime:0.007956s ]
INFO: [ view_filter ] --START--
INFO: Run Behavior\WriteHtmlCacheBehavior [ RunTime:0.000024s ]
INFO: [ view_filter ] --END-- [ RunTime:-0.000776s ]
INFO: [ app_end ] --START--
INFO: Run Behavior\ShowPageTraceBehavior [ RunTime:0.000749s ]
INFO: [ app_end ] --END-- [ RunTime:0.000878s ]

[ 2017-07-06T11:50:43+08:00 ] 127.0.0.1 /admin.php?s=/Index/index.html
INFO: [ app_init ] --START--
INFO: Run Behavior\BuildLiteBehavior [ RunTime:0.000041s ]
INFO: Run Common\Behavior\InitHookBehavior [ RunTime:0.001635s ]
INFO: [ app_init ] --END-- [ RunTime:0.002169s ]
INFO: [ app_begin ] --START--
INFO: Run Behavior\ReadHtmlCacheBehavior [ RunTime:0.000400s ]
INFO: [ app_begin ] --END-- [ RunTime:0.000504s ]
INFO: [ view_parse ] --START--
INFO: [ template_filter ] --START--
INFO: Run Behavior\ContentReplaceBehavior [ RunTime:0.000170s ]
INFO: [ template_filter ] --END-- [ RunTime:0.000275s ]
INFO: [ AdminIndex ] --START--
SQL: SHOW COLUMNS FROM `onethink_addons` [ RunTime:0.0053s ]
SQL: SELECT `config` FROM `onethink_addons` WHERE `name` = 'SiteStat' AND `status` = 1 LIMIT 1   [ RunTime:0.0004s ]
SQL: SHOW COLUMNS FROM `onethink_member` [ RunTime:0.0051s ]
SQL: SELECT COUNT(*) AS tp_count FROM `onethink_member` LIMIT 1   [ RunTime:0.0003s ]
SQL: SHOW COLUMNS FROM `onethink_action_log` [ RunTime:0.0050s ]
SQL: SELECT COUNT(*) AS tp_count FROM `onethink_action_log` LIMIT 1   [ RunTime:0.0002s ]
SQL: SHOW COLUMNS FROM `onethink_document` [ RunTime:0.0064s ]
SQL: SELECT COUNT(*) AS tp_count FROM `onethink_document` LIMIT 1   [ RunTime:0.0003s ]
SQL: SHOW COLUMNS FROM `onethink_category` [ RunTime:0.0057s ]
SQL: SELECT COUNT(*) AS tp_count FROM `onethink_category` LIMIT 1   [ RunTime:0.0002s ]
SQL: SHOW COLUMNS FROM `onethink_model` [ RunTime:0.0071s ]
SQL: SELECT COUNT(*) AS tp_count FROM `onethink_model` LIMIT 1   [ RunTime:0.0003s ]
INFO: [ view_parse ] --START--
INFO: [ template_filter ] --START--
INFO: Run Behavior\ContentReplaceBehavior [ RunTime:0.000074s ]
INFO: [ template_filter ] --END-- [ RunTime:-0.064383s ]
INFO: Run Behavior\ParseTemplateBehavior [ RunTime:0.003586s ]
INFO: [ view_parse ] --END-- [ RunTime:0.003747s ]
INFO: [ view_filter ] --START--
INFO: Run Behavior\WriteHtmlCacheBehavior [ RunTime:0.000322s ]
INFO: [ view_filter ] --END-- [ RunTime:0.000426s ]
INFO: Run Addons\SiteStat\SiteStatAddon [ RunTime:0.062618s ]
SQL: SELECT `config` FROM `onethink_addons` WHERE `name` = 'SystemInfo' AND `status` = 1 LIMIT 1   [ RunTime:0.0003s ]
INFO: [ view_parse ] --START--
INFO: [ template_filter ] --START--
INFO: Run Behavior\ContentReplaceBehavior [ RunTime:0.000071s ]
INFO: [ template_filter ] --END-- [ RunTime:-0.165731s ]
SQL: select version() as v; [ RunTime:0.0003s ]
INFO: Run Behavior\ParseTemplateBehavior [ RunTime:0.005020s ]
INFO: [ view_parse ] --END-- [ RunTime:-0.097251s ]
INFO: [ view_filter ] --START--
INFO: Run Behavior\WriteHtmlCacheBehavior [ RunTime:0.000027s ]
INFO: [ view_filter ] --END-- [ RunTime:-0.101967s ]
INFO: Run Addons\SystemInfo\SystemInfoAddon [ RunTime:0.102036s ]
SQL: SELECT `config` FROM `onethink_addons` WHERE `name` = 'DevTeam' AND `status` = 1 LIMIT 1   [ RunTime:0.0004s ]
INFO: [ view_parse ] --START--
INFO: [ template_filter ] --START--
INFO: Run Behavior\ContentReplaceBehavior [ RunTime:0.000089s ]
INFO: [ template_filter ] --END-- [ RunTime:-0.172408s ]
INFO: Run Behavior\ParseTemplateBehavior [ RunTime:0.003194s ]
INFO: [ view_parse ] --END-- [ RunTime:-0.104772s ]
INFO: [ view_filter ] --START--
INFO: Run Behavior\WriteHtmlCacheBehavior [ RunTime:0.000029s ]
INFO: [ view_filter ] --END-- [ RunTime:-0.107688s ]
INFO: Run Addons\DevTeam\DevTeamAddon [ RunTime:0.005652s ]
INFO: [ AdminIndex ] --END-- [ RunTime:0.170520s ]
INFO: Run Behavior\ParseTemplateBehavior [ RunTime:0.003704s ]
INFO: [ view_parse ] --END-- [ RunTime:-0.104772s ]
INFO: [ view_filter ] --START--
INFO: Run Behavior\WriteHtmlCacheBehavior [ RunTime:0.000027s ]
INFO: [ view_filter ] --END-- [ RunTime:-0.108140s ]
INFO: [ app_end ] --START--
INFO: Run Behavior\ShowPageTraceBehavior [ RunTime:0.000608s ]
INFO: [ app_end ] --END-- [ RunTime:0.000729s ]

[ 2017-07-06T11:50:45+08:00 ] 127.0.0.1 /admin.php?s=/Article/index.html
INFO: [ app_init ] --START--
INFO: Run Behavior\BuildLiteBehavior [ RunTime:0.000019s ]
INFO: Run Common\Behavior\InitHookBehavior [ RunTime:0.001664s ]
INFO: [ app_init ] --END-- [ RunTime:0.002106s ]
INFO: [ app_begin ] --START--
INFO: Run Behavior\ReadHtmlCacheBehavior [ RunTime:0.000680s ]
INFO: [ app_begin ] --END-- [ RunTime:0.000826s ]
SQL: SHOW COLUMNS FROM `onethink_auth_group_access` [ RunTime:0.0048s ]
SQL: SELECT `extend_id` FROM onethink_auth_group_access g INNER JOIN onethink_auth_extend c on g.group_id=c.group_id  WHERE ( g.uid='1' and c.type='1' and !isnull(extend_id) )  [ RunTime:0.0004s ]
SQL: SHOW COLUMNS FROM `onethink_category` [ RunTime:0.0058s ]
SQL: SELECT `id`,`title`,`pid`,`allow_publish` FROM `onethink_category` WHERE `status` = 1 ORDER BY `pid`,`sort`  [ RunTime:0.0003s ]
SQL: SHOW COLUMNS FROM `onethink_model` [ RunTime:0.0138s ]
SQL: SELECT * FROM `onethink_model` WHERE `name` = 'document' LIMIT 1   [ RunTime:0.0004s ]
SQL: SHOW COLUMNS FROM `onethink_document` [ RunTime:0.0058s ]
SQL: SELECT COUNT(*) AS tp_count FROM onethink_document DOCUMENT WHERE `status` IN ('0','1','2') AND `pid` = 0 LIMIT 1   [ RunTime:0.0003s ]
SQL: SELECT `id`,`title`,`type`,`update_time`,`status`,`view`,`category_id`,`model_id`,`pid` FROM onethink_document DOCUMENT WHERE `status` IN ('0','1','2') AND `pid` = 0 ORDER BY `level` DESC,DOCUMENT.id DESC LIMIT 0,10   [ RunTime:0.0003s ]
SQL: SELECT `extend` FROM `onethink_model` WHERE `id` = 1 LIMIT 1   [ RunTime:0.0002s ]
SQL: SHOW COLUMNS FROM `onethink_attribute` [ RunTime:0.0054s ]
SQL: SELECT `id`,`name`,`type`,`extra` FROM `onethink_attribute` WHERE `model_id` = 1  [ RunTime:0.0003s ]
NOTIC: [8] Undefined variable: groups D:\wwwroot\Application\Admin\Controller\ArticleController.class.php 第 231 行.
INFO: [ view_parse ] --START--
INFO: [ template_filter ] --START--
INFO: Run Behavior\ContentReplaceBehavior [ RunTime:0.000319s ]
INFO: [ template_filter ] --END-- [ RunTime:0.000473s ]
INFO: Run Behavior\ParseTemplateBehavior [ RunTime:0.053313s ]
INFO: [ view_parse ] --END-- [ RunTime:0.053435s ]
INFO: [ view_filter ] --START--
INFO: Run Behavior\WriteHtmlCacheBehavior [ RunTime:0.000491s ]
INFO: [ view_filter ] --END-- [ RunTime:0.000592s ]
INFO: [ app_end ] --START--
INFO: Run Behavior\ShowPageTraceBehavior [ RunTime:0.000846s ]
INFO: [ app_end ] --END-- [ RunTime:0.001004s ]

[ 2017-07-06T11:50:49+08:00 ] 127.0.0.1 /admin.php?s=/Article/setstatus/status/-1/ids/1.html
INFO: [ app_init ] --START--
INFO: Run Behavior\BuildLiteBehavior [ RunTime:0.000021s ]
INFO: Run Common\Behavior\InitHookBehavior [ RunTime:0.001598s ]
INFO: [ app_init ] --END-- [ RunTime:0.002059s ]
INFO: [ app_begin ] --START--
INFO: Run Behavior\ReadHtmlCacheBehavior [ RunTime:0.000405s ]
INFO: [ app_begin ] --END-- [ RunTime:0.000510s ]
SQL: SHOW COLUMNS FROM `onethink_document` [ RunTime:0.0062s ]
SQL: UPDATE `onethink_document` SET `status`='-1' WHERE `id` IN ('1') [ RunTime:0.0004s ]
INFO: [ view_parse ] --START--
INFO: [ template_filter ] --START--
INFO: Run Behavior\ContentReplaceBehavior [ RunTime:0.000071s ]
INFO: [ template_filter ] --END-- [ RunTime:0.000170s ]
INFO: Run Behavior\ParseTemplateBehavior [ RunTime:0.005862s ]
INFO: [ view_parse ] --END-- [ RunTime:0.005959s ]
INFO: [ view_filter ] --START--
INFO: Run Behavior\WriteHtmlCacheBehavior [ RunTime:0.000678s ]
INFO: [ view_filter ] --END-- [ RunTime:0.000858s ]
INFO: [ app_end ] --START--
INFO: Run Behavior\ShowPageTraceBehavior [ RunTime:0.001159s ]
INFO: [ app_end ] --END-- [ RunTime:0.001362s ]

[ 2017-07-06T11:50:50+08:00 ] 127.0.0.1 /admin.php?s=/Article/index.html
INFO: [ app_init ] --START--
INFO: Run Behavior\BuildLiteBehavior [ RunTime:0.000021s ]
INFO: Run Common\Behavior\InitHookBehavior [ RunTime:0.001712s ]
INFO: [ app_init ] --END-- [ RunTime:0.002390s ]
INFO: [ app_begin ] --START--
INFO: Run Behavior\ReadHtmlCacheBehavior [ RunTime:0.000460s ]
INFO: [ app_begin ] --END-- [ RunTime:0.000583s ]
SQL: SHOW COLUMNS FROM `onethink_auth_group_access` [ RunTime:0.0047s ]
SQL: SELECT `extend_id` FROM onethink_auth_group_access g INNER JOIN onethink_auth_extend c on g.group_id=c.group_id  WHERE ( g.uid='1' and c.type='1' and !isnull(extend_id) )  [ RunTime:0.0003s ]
SQL: SHOW COLUMNS FROM `onethink_category` [ RunTime:0.0059s ]
SQL: SELECT `id`,`title`,`pid`,`allow_publish` FROM `onethink_category` WHERE `status` = 1 ORDER BY `pid`,`sort`  [ RunTime:0.0003s ]
SQL: SHOW COLUMNS FROM `onethink_model` [ RunTime:0.0051s ]
SQL: SELECT * FROM `onethink_model` WHERE `name` = 'document' LIMIT 1   [ RunTime:0.0005s ]
SQL: SHOW COLUMNS FROM `onethink_document` [ RunTime:0.0049s ]
SQL: SELECT COUNT(*) AS tp_count FROM onethink_document DOCUMENT WHERE `status` IN ('0','1','2') AND `pid` = 0 LIMIT 1   [ RunTime:0.0002s ]
SQL: SELECT `id`,`title`,`type`,`update_time`,`status`,`view`,`category_id`,`model_id`,`pid` FROM onethink_document DOCUMENT WHERE `status` IN ('0','1','2') AND `pid` = 0 ORDER BY `level` DESC,DOCUMENT.id DESC LIMIT 0,10   [ RunTime:0.0002s ]
SQL: SELECT `extend` FROM `onethink_model` WHERE `id` = 1 LIMIT 1   [ RunTime:0.0002s ]
SQL: SHOW COLUMNS FROM `onethink_attribute` [ RunTime:0.0050s ]
SQL: SELECT `id`,`name`,`type`,`extra` FROM `onethink_attribute` WHERE `model_id` = 1  [ RunTime:0.0003s ]
NOTIC: [8] Undefined variable: groups D:\wwwroot\Application\Admin\Controller\ArticleController.class.php 第 231 行.
INFO: [ view_parse ] --START--
INFO: [ template_filter ] --START--
INFO: Run Behavior\ContentReplaceBehavior [ RunTime:0.000422s ]
INFO: [ template_filter ] --END-- [ RunTime:0.000585s ]
INFO: Run Behavior\ParseTemplateBehavior [ RunTime:0.049824s ]
INFO: [ view_parse ] --END-- [ RunTime:0.049943s ]
INFO: [ view_filter ] --START--
INFO: Run Behavior\WriteHtmlCacheBehavior [ RunTime:0.000335s ]
INFO: [ view_filter ] --END-- [ RunTime:0.000428s ]
INFO: [ app_end ] --START--
INFO: Run Behavior\ShowPageTraceBehavior [ RunTime:0.000611s ]
INFO: [ app_end ] --END-- [ RunTime:0.000714s ]

[ 2017-07-06T11:50:53+08:00 ] 127.0.0.1 /admin.php?s=/article/mydocument.html
INFO: [ app_init ] --START--
INFO: Run Behavior\BuildLiteBehavior [ RunTime:0.000020s ]
INFO: Run Common\Behavior\InitHookBehavior [ RunTime:0.001604s ]
INFO: [ app_init ] --END-- [ RunTime:0.002110s ]
INFO: [ app_begin ] --START--
INFO: Run Behavior\ReadHtmlCacheBehavior [ RunTime:0.000428s ]
INFO: [ app_begin ] --END-- [ RunTime:0.000528s ]
SQL: SHOW COLUMNS FROM `onethink_auth_group_access` [ RunTime:0.0054s ]
SQL: SELECT `extend_id` FROM onethink_auth_group_access g INNER JOIN onethink_auth_extend c on g.group_id=c.group_id  WHERE ( g.uid='1' and c.type='1' and !isnull(extend_id) )  [ RunTime:0.0003s ]
SQL: SHOW COLUMNS FROM `onethink_category` [ RunTime:0.0061s ]
SQL: SELECT `id`,`title`,`pid`,`allow_publish` FROM `onethink_category` WHERE `status` = 1 ORDER BY `pid`,`sort`  [ RunTime:0.0003s ]
SQL: SHOW COLUMNS FROM `onethink_document` [ RunTime:0.0052s ]
SQL: SELECT COUNT(*) AS tp_count FROM `onethink_document` WHERE `uid` = 1 AND `status` IN ('0','1','2') AND `pid` = 0 LIMIT 1   [ RunTime:0.0004s ]
SQL: SELECT `id`,`uid`,`name`,`title`,`category_id`,`group_id`,`description`,`root`,`pid`,`model_id`,`type`,`position`,`link_id`,`cover_id`,`display`,`deadline`,`attach`,`view`,`comment`,`extend`,`level`,`create_time`,`update_time`,`status` FROM `onethink_document` WHERE `uid` = 1 AND `status` IN ('0','1','2') AND `pid` = 0 ORDER BY `update_time` desc LIMIT 0,10   [ RunTime:0.0004s ]
SQL: SHOW COLUMNS FROM `onethink_model` [ RunTime:0.0060s ]
SQL: SELECT `extend` FROM `onethink_model` WHERE `id` = 1 LIMIT 1   [ RunTime:0.0003s ]
SQL: SHOW COLUMNS FROM `onethink_attribute` [ RunTime:0.0059s ]
SQL: SELECT `id`,`name`,`type`,`extra` FROM `onethink_attribute` WHERE `model_id` = 1  [ RunTime:0.0004s ]
INFO: [ view_parse ] --START--
INFO: [ template_filter ] --START--
INFO: Run Behavior\ContentReplaceBehavior [ RunTime:0.000236s ]
INFO: [ template_filter ] --END-- [ RunTime:0.000340s ]
INFO: Run Behavior\ParseTemplateBehavior [ RunTime:0.038552s ]
INFO: [ view_parse ] --END-- [ RunTime:0.038682s ]
INFO: [ view_filter ] --START--
INFO: Run Behavior\WriteHtmlCacheBehavior [ RunTime:0.000372s ]
INFO: [ view_filter ] --END-- [ RunTime:0.000519s ]
INFO: [ app_end ] --START--
INFO: Run Behavior\ShowPageTraceBehavior [ RunTime:0.000788s ]
INFO: [ app_end ] --END-- [ RunTime:0.000915s ]

[ 2017-07-06T11:50:54+08:00 ] 127.0.0.1 /admin.php?s=/article/draftbox.html
INFO: [ app_init ] --START--
INFO: Run Behavior\BuildLiteBehavior [ RunTime:0.000021s ]
INFO: Run Common\Behavior\InitHookBehavior [ RunTime:0.001813s ]
INFO: [ app_init ] --END-- [ RunTime:0.002319s ]
INFO: [ app_begin ] --START--
INFO: Run Behavior\ReadHtmlCacheBehavior [ RunTime:0.000436s ]
INFO: [ app_begin ] --END-- [ RunTime:0.000566s ]
SQL: SHOW COLUMNS FROM `onethink_auth_group_access` [ RunTime:0.0047s ]
SQL: SELECT `extend_id` FROM onethink_auth_group_access g INNER JOIN onethink_auth_extend c on g.group_id=c.group_id  WHERE ( g.uid='1' and c.type='1' and !isnull(extend_id) )  [ RunTime:0.0002s ]
SQL: SHOW COLUMNS FROM `onethink_category` [ RunTime:0.0049s ]
SQL: SELECT `id`,`title`,`pid`,`allow_publish` FROM `onethink_category` WHERE `status` = 1 ORDER BY `pid`,`sort`  [ RunTime:0.0003s ]
SQL: SHOW COLUMNS FROM `onethink_document` [ RunTime:0.0048s ]
SQL: SELECT COUNT(*) AS tp_count FROM `onethink_document` WHERE `status` = 3 AND `uid` = 1 LIMIT 1   [ RunTime:0.0002s ]
SQL: SELECT `id`,`uid`,`name`,`title`,`category_id`,`group_id`,`description`,`root`,`pid`,`model_id`,`type`,`position`,`link_id`,`cover_id`,`display`,`deadline`,`attach`,`view`,`comment`,`extend`,`level`,`create_time`,`update_time`,`status` FROM `onethink_document` WHERE `status` = 3 AND `uid` = 1 ORDER BY `id` desc LIMIT 0,10   [ RunTime:0.0004s ]
INFO: [ view_parse ] --START--
INFO: [ template_filter ] --START--
INFO: Run Behavior\ContentReplaceBehavior [ RunTime:0.000218s ]
INFO: [ template_filter ] --END-- [ RunTime:0.000325s ]
INFO: Run Behavior\ParseTemplateBehavior [ RunTime:0.036326s ]
INFO: [ view_parse ] --END-- [ RunTime:0.036428s ]
INFO: [ view_filter ] --START--
INFO: Run Behavior\WriteHtmlCacheBehavior [ RunTime:0.000413s ]
INFO: [ view_filter ] --END-- [ RunTime:0.000547s ]
INFO: [ app_end ] --START--
INFO: Run Behavior\ShowPageTraceBehavior [ RunTime:0.000555s ]
INFO: [ app_end ] --END-- [ RunTime:0.000653s ]

[ 2017-07-06T11:50:55+08:00 ] 127.0.0.1 /admin.php?s=/article/draftbox.html
INFO: [ app_init ] --START--
INFO: Run Behavior\BuildLiteBehavior [ RunTime:0.000020s ]
INFO: Run Common\Behavior\InitHookBehavior [ RunTime:0.001684s ]
INFO: [ app_init ] --END-- [ RunTime:0.002215s ]
INFO: [ app_begin ] --START--
INFO: Run Behavior\ReadHtmlCacheBehavior [ RunTime:0.000498s ]
INFO: [ app_begin ] --END-- [ RunTime:0.000639s ]
SQL: SHOW COLUMNS FROM `onethink_auth_group_access` [ RunTime:0.0049s ]
SQL: SELECT `extend_id` FROM onethink_auth_group_access g INNER JOIN onethink_auth_extend c on g.group_id=c.group_id  WHERE ( g.uid='1' and c.type='1' and !isnull(extend_id) )  [ RunTime:0.0004s ]
SQL: SHOW COLUMNS FROM `onethink_category` [ RunTime:0.0059s ]
SQL: SELECT `id`,`title`,`pid`,`allow_publish` FROM `onethink_category` WHERE `status` = 1 ORDER BY `pid`,`sort`  [ RunTime:0.0003s ]
SQL: SHOW COLUMNS FROM `onethink_document` [ RunTime:0.0056s ]
SQL: SELECT COUNT(*) AS tp_count FROM `onethink_document` WHERE `status` = 3 AND `uid` = 1 LIMIT 1   [ RunTime:0.0003s ]
SQL: SELECT `id`,`uid`,`name`,`title`,`category_id`,`group_id`,`description`,`root`,`pid`,`model_id`,`type`,`position`,`link_id`,`cover_id`,`display`,`deadline`,`attach`,`view`,`comment`,`extend`,`level`,`create_time`,`update_time`,`status` FROM `onethink_document` WHERE `status` = 3 AND `uid` = 1 ORDER BY `id` desc LIMIT 0,10   [ RunTime:0.0005s ]
INFO: [ view_parse ] --START--
INFO: [ template_filter ] --START--
INFO: Run Behavior\ContentReplaceBehavior [ RunTime:0.000227s ]
INFO: [ template_filter ] --END-- [ RunTime:0.000335s ]
INFO: Run Behavior\ParseTemplateBehavior [ RunTime:0.034808s ]
INFO: [ view_parse ] --END-- [ RunTime:0.034953s ]
INFO: [ view_filter ] --START--
INFO: Run Behavior\WriteHtmlCacheBehavior [ RunTime:0.000374s ]
INFO: [ view_filter ] --END-- [ RunTime:0.000467s ]
INFO: [ app_end ] --START--
INFO: Run Behavior\ShowPageTraceBehavior [ RunTime:0.000612s ]
INFO: [ app_end ] --END-- [ RunTime:0.000710s ]

[ 2017-07-06T11:50:55+08:00 ] 127.0.0.1 /admin.php?s=/article/examine.html
INFO: [ app_init ] --START--
INFO: Run Behavior\BuildLiteBehavior [ RunTime:0.000021s ]
INFO: Run Common\Behavior\InitHookBehavior [ RunTime:0.001702s ]
INFO: [ app_init ] --END-- [ RunTime:0.002175s ]
INFO: [ app_begin ] --START--
INFO: Run Behavior\ReadHtmlCacheBehavior [ RunTime:0.000404s ]
INFO: [ app_begin ] --END-- [ RunTime:0.000507s ]
SQL: SHOW COLUMNS FROM `onethink_auth_group_access` [ RunTime:0.0049s ]
SQL: SELECT `extend_id` FROM onethink_auth_group_access g INNER JOIN onethink_auth_extend c on g.group_id=c.group_id  WHERE ( g.uid='1' and c.type='1' and !isnull(extend_id) )  [ RunTime:0.0004s ]
SQL: SHOW COLUMNS FROM `onethink_category` [ RunTime:0.0069s ]
SQL: SELECT `id`,`title`,`pid`,`allow_publish` FROM `onethink_category` WHERE `status` = 1 ORDER BY `pid`,`sort`  [ RunTime:0.0004s ]
SQL: SHOW COLUMNS FROM `onethink_document` [ RunTime:0.0054s ]
SQL: SELECT COUNT(*) AS tp_count FROM `onethink_document` WHERE `status` = 2 LIMIT 1   [ RunTime:0.0003s ]
SQL: SELECT `id`,`uid`,`name`,`title`,`category_id`,`group_id`,`description`,`root`,`pid`,`model_id`,`type`,`position`,`link_id`,`cover_id`,`display`,`deadline`,`attach`,`view`,`comment`,`extend`,`level`,`create_time`,`update_time`,`status` FROM `onethink_document` WHERE `status` = 2 ORDER BY `update_time` desc LIMIT 0,10   [ RunTime:0.0004s ]
INFO: [ view_parse ] --START--
INFO: [ template_filter ] --START--
INFO: Run Behavior\ContentReplaceBehavior [ RunTime:0.000325s ]
INFO: [ template_filter ] --END-- [ RunTime:0.000468s ]
INFO: Run Behavior\ParseTemplateBehavior [ RunTime:0.038319s ]
INFO: [ view_parse ] --END-- [ RunTime:0.038457s ]
INFO: [ view_filter ] --START--
INFO: Run Behavior\WriteHtmlCacheBehavior [ RunTime:0.000383s ]
INFO: [ view_filter ] --END-- [ RunTime:0.000487s ]
INFO: [ app_end ] --START--
INFO: Run Behavior\ShowPageTraceBehavior [ RunTime:0.000506s ]
INFO: [ app_end ] --END-- [ RunTime:0.000610s ]

[ 2017-07-06T11:50:57+08:00 ] 127.0.0.1 /admin.php?s=/Index/index.html
INFO: [ app_init ] --START--
INFO: Run Behavior\BuildLiteBehavior [ RunTime:0.000020s ]
INFO: Run Common\Behavior\InitHookBehavior [ RunTime:0.001723s ]
INFO: [ app_init ] --END-- [ RunTime:0.002190s ]
INFO: [ app_begin ] --START--
INFO: Run Behavior\ReadHtmlCacheBehavior [ RunTime:0.000394s ]
INFO: [ app_begin ] --END-- [ RunTime:0.000494s ]
INFO: [ view_parse ] --START--
INFO: [ template_filter ] --START--
INFO: Run Behavior\ContentReplaceBehavior [ RunTime:0.000129s ]
INFO: [ template_filter ] --END-- [ RunTime:0.000271s ]
INFO: [ AdminIndex ] --START--
SQL: SHOW COLUMNS FROM `onethink_addons` [ RunTime:0.0055s ]
SQL: SELECT `config` FROM `onethink_addons` WHERE `name` = 'SiteStat' AND `status` = 1 LIMIT 1   [ RunTime:0.0004s ]
SQL: SHOW COLUMNS FROM `onethink_member` [ RunTime:0.0055s ]
SQL: SELECT COUNT(*) AS tp_count FROM `onethink_member` LIMIT 1   [ RunTime:0.0002s ]
SQL: SHOW COLUMNS FROM `onethink_action_log` [ RunTime:0.0052s ]
SQL: SELECT COUNT(*) AS tp_count FROM `onethink_action_log` LIMIT 1   [ RunTime:0.0002s ]
SQL: SHOW COLUMNS FROM `onethink_document` [ RunTime:0.0059s ]
SQL: SELECT COUNT(*) AS tp_count FROM `onethink_document` LIMIT 1   [ RunTime:0.0003s ]
SQL: SHOW COLUMNS FROM `onethink_category` [ RunTime:0.0059s ]
SQL: SELECT COUNT(*) AS tp_count FROM `onethink_category` LIMIT 1   [ RunTime:0.0003s ]
SQL: SHOW COLUMNS FROM `onethink_model` [ RunTime:0.0057s ]
SQL: SELECT COUNT(*) AS tp_count FROM `onethink_model` LIMIT 1   [ RunTime:0.0002s ]
INFO: [ view_parse ] --START--
INFO: [ template_filter ] --START--
INFO: Run Behavior\ContentReplaceBehavior [ RunTime:0.000064s ]
INFO: [ template_filter ] --END-- [ RunTime:-0.064485s ]
INFO: Run Behavior\ParseTemplateBehavior [ RunTime:0.003359s ]
INFO: [ view_parse ] --END-- [ RunTime:0.003487s ]
INFO: [ view_filter ] --START--
INFO: Run Behavior\WriteHtmlCacheBehavior [ RunTime:0.000316s ]
INFO: [ view_filter ] --END-- [ RunTime:0.000410s ]
INFO: Run Addons\SiteStat\SiteStatAddon [ RunTime:0.061369s ]
SQL: SELECT `config` FROM `onethink_addons` WHERE `name` = 'SystemInfo' AND `status` = 1 LIMIT 1   [ RunTime:0.0003s ]
INFO: [ view_parse ] --START--
INFO: [ template_filter ] --START--
INFO: Run Behavior\ContentReplaceBehavior [ RunTime:0.000076s ]
INFO: [ template_filter ] --END-- [ RunTime:-0.162674s ]
SQL: select version() as v; [ RunTime:0.0002s ]
INFO: Run Behavior\ParseTemplateBehavior [ RunTime:0.004965s ]
INFO: [ view_parse ] --END-- [ RunTime:-0.093913s ]
INFO: [ view_filter ] --START--
INFO: Run Behavior\WriteHtmlCacheBehavior [ RunTime:0.000025s ]
INFO: [ view_filter ] --END-- [ RunTime:-0.098611s ]
INFO: Run Addons\SystemInfo\SystemInfoAddon [ RunTime:0.098672s ]
SQL: SELECT `config` FROM `onethink_addons` WHERE `name` = 'DevTeam' AND `status` = 1 LIMIT 1   [ RunTime:0.0004s ]
INFO: [ view_parse ] --START--
INFO: [ template_filter ] --START--
INFO: Run Behavior\ContentReplaceBehavior [ RunTime:0.000066s ]
INFO: [ template_filter ] --END-- [ RunTime:-0.169310s ]
INFO: Run Behavior\ParseTemplateBehavior [ RunTime:0.002944s ]
INFO: [ view_parse ] --END-- [ RunTime:-0.101651s ]
INFO: [ view_filter ] --START--
INFO: Run Behavior\WriteHtmlCacheBehavior [ RunTime:0.000027s ]
INFO: [ view_filter ] --END-- [ RunTime:-0.104288s ]
INFO: Run Addons\DevTeam\DevTeamAddon [ RunTime:0.005633s ]
INFO: [ AdminIndex ] --END-- [ RunTime:0.165862s ]
INFO: Run Behavior\ParseTemplateBehavior [ RunTime:0.003377s ]
INFO: [ view_parse ] --END-- [ RunTime:-0.101651s ]
INFO: [ view_filter ] --START--
INFO: Run Behavior\WriteHtmlCacheBehavior [ RunTime:0.000023s ]
INFO: [ view_filter ] --END-- [ RunTime:-0.104703s ]
INFO: [ app_end ] --START--
INFO: Run Behavior\ShowPageTraceBehavior [ RunTime:0.000771s ]
INFO: [ app_end ] --END-- [ RunTime:0.000925s ]

[ 2017-07-06T11:50:59+08:00 ] 127.0.0.1 /admin.php?s=/User/index.html
INFO: [ app_init ] --START--
INFO: Run Behavior\BuildLiteBehavior [ RunTime:0.000022s ]
INFO: Run Common\Behavior\InitHookBehavior [ RunTime:0.001951s ]
INFO: [ app_init ] --END-- [ RunTime:0.002473s ]
INFO: [ app_begin ] --START--
INFO: Run Behavior\ReadHtmlCacheBehavior [ RunTime:0.000402s ]
INFO: [ app_begin ] --END-- [ RunTime:0.000558s ]
SQL: SHOW COLUMNS FROM `onethink_member` [ RunTime:0.0055s ]
SQL: SELECT COUNT(*) AS tp_count FROM `onethink_member` WHERE `status` >= 0 AND `nickname` LIKE '%%' LIMIT 1   [ RunTime:0.0003s ]
SQL: SELECT `uid`,`nickname`,`sex`,`birthday`,`qq`,`score`,`login`,`reg_ip`,`reg_time`,`last_login_ip`,`last_login_time`,`status` FROM `onethink_member` WHERE `status` >= 0 AND `nickname` LIKE '%%' ORDER BY `uid` desc LIMIT 0,10   [ RunTime:0.0003s ]
INFO: [ view_parse ] --START--
INFO: [ template_filter ] --START--
INFO: Run Behavior\ContentReplaceBehavior [ RunTime:0.000169s ]
INFO: [ template_filter ] --END-- [ RunTime:0.000294s ]
INFO: Run Behavior\ParseTemplateBehavior [ RunTime:0.021732s ]
INFO: [ view_parse ] --END-- [ RunTime:0.021854s ]
INFO: [ view_filter ] --START--
INFO: Run Behavior\WriteHtmlCacheBehavior [ RunTime:0.000418s ]
INFO: [ view_filter ] --END-- [ RunTime:0.000510s ]
INFO: [ app_end ] --START--
INFO: Run Behavior\ShowPageTraceBehavior [ RunTime:0.000627s ]
INFO: [ app_end ] --END-- [ RunTime:0.000745s ]

